Added Component: Designator=C1(C1206)
Add component (AddParameter): Name = "Add into BOM"; Value = "yes"; VariantName = "[No Variations]"
Add component (AddParameter): Name = "Convert to PCB"; Value = "yes"; VariantName = "[No Variations]"
Add component (AddParameter): Name = "Datasheet"; Value = "https://atta.szlcsc.com/upload/public/pdf/source/20190716/C342630_ADB15E5CCD286B86322CE8B53B7BBFDA.pdf"; VariantName = "[No Variations]"
Add component (AddParameter): Name = "Device"; Value = "CGA5L1X7R0J226MT0Y0E"; VariantName = "[No Variations]"
Add component (AddParameter): Name = "JLCPCB Part Class"; Value = "Extended Part"; VariantName = "[No Variations]"
Add component (AddParameter): Name = "LCSC Part Name"; Value = "22uF ±20% 6.3V"; VariantName = "[No Variations]"
Add component (AddParameter): Name = "Manufacturer"; Value = "TDK"; VariantName = "[No Variations]"
Add component (AddParameter): Name = "Manufacturer Part"; Value = "CGA5L1X7R0J226MT0Y0E"; VariantName = "[No Variations]"
Add component (AddParameter): Name = "Name"; Value = "22uF"; VariantName = "[No Variations]"
Add component (AddParameter): Name = "Supplier"; Value = "LCSC"; VariantName = "[No Variations]"
Add component (AddParameter): Name = "Supplier Footprint"; Value = "1206"; VariantName = "[No Variations]"
Add component (AddParameter): Name = "Supplier Part"; Value = "C342630"; VariantName = "[No Variations]"
Add component (AddParameter): Name = "Symbol"; Value = "CGA5L1X7R0J226MT0Y0E"; VariantName = "[No Variations]"
Add component (AddParameter): Name = "Temperature Coefficient"; Value = "X7R"; VariantName = "[No Variations]"
Add component (AddParameter): Name = "Tolerance"; Value = "±20%"; VariantName = "[No Variations]"
Add component (AddParameter): Name = "Value"; Value = "22uF"; VariantName = "[No Variations]"
Add component (AddParameter): Name = "Voltage Rated"; Value = "6.3V"; VariantName = "[No Variations]"
Added Component: Designator=C2(C1206)
Add component (AddParameter): Name = "Add into BOM"; Value = "yes"; VariantName = "[No Variations]"
Add component (AddParameter): Name = "Convert to PCB"; Value = "yes"; VariantName = "[No Variations]"
Add component (AddParameter): Name = "Datasheet"; Value = "https://atta.szlcsc.com/upload/public/pdf/source/20190716/C342630_ADB15E5CCD286B86322CE8B53B7BBFDA.pdf"; VariantName = "[No Variations]"
Add component (AddParameter): Name = "Device"; Value = "CGA5L1X7R0J226MT0Y0E"; VariantName = "[No Variations]"
Add component (AddParameter): Name = "JLCPCB Part Class"; Value = "Extended Part"; VariantName = "[No Variations]"
Add component (AddParameter): Name = "LCSC Part Name"; Value = "22uF ±20% 6.3V"; VariantName = "[No Variations]"
Add component (AddParameter): Name = "Manufacturer"; Value = "TDK"; VariantName = "[No Variations]"
Add component (AddParameter): Name = "Manufacturer Part"; Value = "CGA5L1X7R0J226MT0Y0E"; VariantName = "[No Variations]"
Add component (AddParameter): Name = "Name"; Value = "22uF"; VariantName = "[No Variations]"
Add component (AddParameter): Name = "Supplier"; Value = "LCSC"; VariantName = "[No Variations]"
Add component (AddParameter): Name = "Supplier Footprint"; Value = "1206"; VariantName = "[No Variations]"
Add component (AddParameter): Name = "Supplier Part"; Value = "C342630"; VariantName = "[No Variations]"
Add component (AddParameter): Name = "Symbol"; Value = "CGA5L1X7R0J226MT0Y0E"; VariantName = "[No Variations]"
Add component (AddParameter): Name = "Temperature Coefficient"; Value = "X7R"; VariantName = "[No Variations]"
Add component (AddParameter): Name = "Tolerance"; Value = "±20%"; VariantName = "[No Variations]"
Add component (AddParameter): Name = "Value"; Value = "22uF"; VariantName = "[No Variations]"
Add component (AddParameter): Name = "Voltage Rated"; Value = "6.3V"; VariantName = "[No Variations]"
Added Component: Designator=C3(R0603)
Add component (AddParameter): Name = "Add into BOM"; Value = "yes"; VariantName = "[No Variations]"
Add component (AddParameter): Name = "Convert to PCB"; Value = "yes"; VariantName = "[No Variations]"
Add component (AddParameter): Name = "Datasheet"; Value = "https://atta.szlcsc.com/upload/public/pdf/source/20190716/C342630_ADB15E5CCD286B86322CE8B53B7BBFDA.pdf"; VariantName = "[No Variations]"
Add component (AddParameter): Name = "Device"; Value = "CGA5L1X7R0J226MT0Y0E"; VariantName = "[No Variations]"
Add component (AddParameter): Name = "JLCPCB Part Class"; Value = "Extended Part"; VariantName = "[No Variations]"
Add component (AddParameter): Name = "LCSC Part Name"; Value = "22uF ±20% 6.3V"; VariantName = "[No Variations]"
Add component (AddParameter): Name = "Manufacturer"; Value = "TDK"; VariantName = "[No Variations]"
Add component (AddParameter): Name = "Manufacturer Part"; Value = "CGA5L1X7R0J226MT0Y0E"; VariantName = "[No Variations]"
Add component (AddParameter): Name = "Name"; Value = "22uF"; VariantName = "[No Variations]"
Add component (AddParameter): Name = "Supplier"; Value = "LCSC"; VariantName = "[No Variations]"
Add component (AddParameter): Name = "Supplier Footprint"; Value = "1206"; VariantName = "[No Variations]"
Add component (AddParameter): Name = "Supplier Part"; Value = "C342630"; VariantName = "[No Variations]"
Add component (AddParameter): Name = "Symbol"; Value = "CGA5L1X7R0J226MT0Y0E"; VariantName = "[No Variations]"
Add component (AddParameter): Name = "Temperature Coefficient"; Value = "X7R"; VariantName = "[No Variations]"
Add component (AddParameter): Name = "Tolerance"; Value = "±20%"; VariantName = "[No Variations]"
Add component (AddParameter): Name = "Value"; Value = "22uF"; VariantName = "[No Variations]"
Add component (AddParameter): Name = "Voltage Rated"; Value = "6.3V"; VariantName = "[No Variations]"
Added Component: Designator=C4(R0603)
Add component (AddParameter): Name = "Add into BOM"; Value = "yes"; VariantName = "[No Variations]"
Add component (AddParameter): Name = "Convert to PCB"; Value = "yes"; VariantName = "[No Variations]"
Add component (AddParameter): Name = "Datasheet"; Value = "https://atta.szlcsc.com/upload/public/pdf/source/20190716/C342630_ADB15E5CCD286B86322CE8B53B7BBFDA.pdf"; VariantName = "[No Variations]"
Add component (AddParameter): Name = "Device"; Value = "CGA5L1X7R0J226MT0Y0E"; VariantName = "[No Variations]"
Add component (AddParameter): Name = "JLCPCB Part Class"; Value = "Extended Part"; VariantName = "[No Variations]"
Add component (AddParameter): Name = "LCSC Part Name"; Value = "22uF ±20% 6.3V"; VariantName = "[No Variations]"
Add component (AddParameter): Name = "Manufacturer"; Value = "TDK"; VariantName = "[No Variations]"
Add component (AddParameter): Name = "Manufacturer Part"; Value = "CGA5L1X7R0J226MT0Y0E"; VariantName = "[No Variations]"
Add component (AddParameter): Name = "Name"; Value = "22uF"; VariantName = "[No Variations]"
Add component (AddParameter): Name = "Supplier"; Value = "LCSC"; VariantName = "[No Variations]"
Add component (AddParameter): Name = "Supplier Footprint"; Value = "1206"; VariantName = "[No Variations]"
Add component (AddParameter): Name = "Supplier Part"; Value = "C342630"; VariantName = "[No Variations]"
Add component (AddParameter): Name = "Symbol"; Value = "CGA5L1X7R0J226MT0Y0E"; VariantName = "[No Variations]"
Add component (AddParameter): Name = "Temperature Coefficient"; Value = "X7R"; VariantName = "[No Variations]"
Add component (AddParameter): Name = "Tolerance"; Value = "±20%"; VariantName = "[No Variations]"
Add component (AddParameter): Name = "Value"; Value = "22uF"; VariantName = "[No Variations]"
Add component (AddParameter): Name = "Voltage Rated"; Value = "6.3V"; VariantName = "[No Variations]"
Added Component: Designator=D1(ss34  SMA_L4.3-W2.5-LS5.0-RD)
Add component (AddParameter): Name = "Add into BOM"; Value = "yes"; VariantName = "[No Variations]"
Add component (AddParameter): Name = "Average Rectified Current (Io)"; Value = "3A"; VariantName = "[No Variations]"
Add component (AddParameter): Name = "Convert to PCB"; Value = "yes"; VariantName = "[No Variations]"
Add component (AddParameter): Name = "Datasheet"; Value = "https://atta.szlcsc.com/upload/public/pdf/source/20200828/C727059_6599B6CAC5F3238B9C33E46794659DBE.pdf"; VariantName = "[No Variations]"
Add component (AddParameter): Name = "Device"; Value = "SS34_C727060"; VariantName = "[No Variations]"
Add component (AddParameter): Name = "Diode Configuration"; Value = "独立式"; VariantName = "[No Variations]"
Add component (AddParameter): Name = "Forward Voltage (Vf@If)"; Value = "550mV@3A"; VariantName = "[No Variations]"
Add component (AddParameter): Name = "JLCPCB Part Class"; Value = "Extended Part"; VariantName = "[No Variations]"
Add component (AddParameter): Name = "LCSC Part Name"; Value = "40V 3A 550mV@3A"; VariantName = "[No Variations]"
Add component (AddParameter): Name = "Manufacturer"; Value = "TWGMC(台湾迪嘉)"; VariantName = "[No Variations]"
Add component (AddParameter): Name = "Manufacturer Part"; Value = "SS34"; VariantName = "[No Variations]"
Add component (AddParameter): Name = "Name"; Value = "SS34"; VariantName = "[No Variations]"
Add component (AddParameter): Name = "Reverse Leakage Current (Ir)"; Value = "500uA@40V"; VariantName = "[No Variations]"
Add component (AddParameter): Name = "Reverse Voltage (Vr)"; Value = "40V"; VariantName = "[No Variations]"
Add component (AddParameter): Name = "Supplier"; Value = "LCSC"; VariantName = "[No Variations]"
Add component (AddParameter): Name = "Supplier Footprint"; Value = "SMA"; VariantName = "[No Variations]"
Add component (AddParameter): Name = "Supplier Part"; Value = "C727060"; VariantName = "[No Variations]"
Add component (AddParameter): Name = "Symbol"; Value = "SS34_C727060"; VariantName = "[No Variations]"
Added Component: Designator=L1(功率电感15uh)
Add component (AddParameter): Name = "Add into BOM"; Value = "yes"; VariantName = "[No Variations]"
Add component (AddParameter): Name = "Convert to PCB"; Value = "yes"; VariantName = "[No Variations]"
Add component (AddParameter): Name = "Datasheet"; Value = "https://atta.szlcsc.com/upload/public/pdf/source/20180327/C151872_2907C77BE933212C728C209604192B1D.pdf"; VariantName = "[No Variations]"
Add component (AddParameter): Name = "DC Resistance (DCR)"; Value = "45mΩ"; VariantName = "[No Variations]"
Add component (AddParameter): Name = "Device"; Value = "MWSA1004S-150MT_C151872"; VariantName = "[No Variations]"
Add component (AddParameter): Name = "JLCPCB Part Class"; Value = "Extended Part"; VariantName = "[No Variations]"
Add component (AddParameter): Name = "LCSC Part Name"; Value = "15uH ±20% 7A"; VariantName = "[No Variations]"
Add component (AddParameter): Name = "Manufacturer"; Value = "Sunlord(顺络)"; VariantName = "[No Variations]"
Add component (AddParameter): Name = "Manufacturer Part"; Value = "MWSA1004S-150MT"; VariantName = "[No Variations]"
Add component (AddParameter): Name = "Name"; Value = "15uH"; VariantName = "[No Variations]"
Add component (AddParameter): Name = "Rated Current"; Value = "6.5A"; VariantName = "[No Variations]"
Add component (AddParameter): Name = "Ratings"; Value = "-"; VariantName = "[No Variations]"
Add component (AddParameter): Name = "Saturation Current (Isat)"; Value = "7A"; VariantName = "[No Variations]"
Add component (AddParameter): Name = "Supplier"; Value = "LCSC"; VariantName = "[No Variations]"
Add component (AddParameter): Name = "Supplier Footprint"; Value = "SMD"; VariantName = "[No Variations]"
Add component (AddParameter): Name = "Supplier Part"; Value = "C151872"; VariantName = "[No Variations]"
Add component (AddParameter): Name = "Symbol"; Value = "MWSA1004-150MT"; VariantName = "[No Variations]"
Add component (AddParameter): Name = "Tolerance"; Value = "±20%"; VariantName = "[No Variations]"
Add component (AddParameter): Name = "Type"; Value = "-"; VariantName = "[No Variations]"
Add component (AddParameter): Name = "Value"; Value = "15uH"; VariantName = "[No Variations]"
Added Component: Designator=R1(R0603)
Add component (AddParameter): Name = "Add into BOM"; Value = "yes"; VariantName = "[No Variations]"
Add component (AddParameter): Name = "Convert to PCB"; Value = "yes"; VariantName = "[No Variations]"
Add component (AddParameter): Name = "Datasheet"; Value = "https://atta.szlcsc.com/upload/public/pdf/source/20181008/C304716_9BC739B48A9CEB835AD69263E841A8EC.pdf"; VariantName = "[No Variations]"
Add component (AddParameter): Name = "Device"; Value = "RS-03K2103FT"; VariantName = "[No Variations]"
Add component (AddParameter): Name = "JLCPCB Part Class"; Value = "Extended Part"; VariantName = "[No Variations]"
Add component (AddParameter): Name = "LCSC Part Name"; Value = "210kΩ ±1% 100mW"; VariantName = "[No Variations]"
Add component (AddParameter): Name = "Manufacturer"; Value = "FH(风华)"; VariantName = "[No Variations]"
Add component (AddParameter): Name = "Manufacturer Part"; Value = "RS-03K2103FT"; VariantName = "[No Variations]"
Add component (AddParameter): Name = "Name"; Value = "210kΩ"; VariantName = "[No Variations]"
Add component (AddParameter): Name = "Operating Temperature Range"; Value = "-55℃~+155℃"; VariantName = "[No Variations]"
Add component (AddParameter): Name = "Overload Voltage (Max)"; Value = "50V"; VariantName = "[No Variations]"
Add component (AddParameter): Name = "Power(Watts)"; Value = "100mW"; VariantName = "[No Variations]"
Add component (AddParameter): Name = "Supplier"; Value = "LCSC"; VariantName = "[No Variations]"
Add component (AddParameter): Name = "Supplier Footprint"; Value = "0603"; VariantName = "[No Variations]"
Add component (AddParameter): Name = "Supplier Part"; Value = "C304716"; VariantName = "[No Variations]"
Add component (AddParameter): Name = "Symbol"; Value = "RS-03K2103FT"; VariantName = "[No Variations]"
Add component (AddParameter): Name = "Temperature Coefficient"; Value = "±100ppm/℃"; VariantName = "[No Variations]"
Add component (AddParameter): Name = "Tolerance"; Value = "±1%"; VariantName = "[No Variations]"
Add component (AddParameter): Name = "Value"; Value = "210kΩ"; VariantName = "[No Variations]"
Added Component: Designator=R2(R0603)
Add component (AddParameter): Name = "Add into BOM"; Value = "yes"; VariantName = "[No Variations]"
Add component (AddParameter): Name = "Convert to PCB"; Value = "yes"; VariantName = "[No Variations]"
Add component (AddParameter): Name = "Datasheet"; Value = "https://atta.szlcsc.com/upload/public/pdf/source/20181008/C304716_9BC739B48A9CEB835AD69263E841A8EC.pdf"; VariantName = "[No Variations]"
Add component (AddParameter): Name = "Device"; Value = "RS-03K2103FT"; VariantName = "[No Variations]"
Add component (AddParameter): Name = "JLCPCB Part Class"; Value = "Extended Part"; VariantName = "[No Variations]"
Add component (AddParameter): Name = "LCSC Part Name"; Value = "210kΩ ±1% 100mW"; VariantName = "[No Variations]"
Add component (AddParameter): Name = "Manufacturer"; Value = "FH(风华)"; VariantName = "[No Variations]"
Add component (AddParameter): Name = "Manufacturer Part"; Value = "RS-03K2103FT"; VariantName = "[No Variations]"
Add component (AddParameter): Name = "Name"; Value = "210kΩ"; VariantName = "[No Variations]"
Add component (AddParameter): Name = "Operating Temperature Range"; Value = "-55℃~+155℃"; VariantName = "[No Variations]"
Add component (AddParameter): Name = "Overload Voltage (Max)"; Value = "50V"; VariantName = "[No Variations]"
Add component (AddParameter): Name = "Power(Watts)"; Value = "100mW"; VariantName = "[No Variations]"
Add component (AddParameter): Name = "Supplier"; Value = "LCSC"; VariantName = "[No Variations]"
Add component (AddParameter): Name = "Supplier Footprint"; Value = "0603"; VariantName = "[No Variations]"
Add component (AddParameter): Name = "Supplier Part"; Value = "C304716"; VariantName = "[No Variations]"
Add component (AddParameter): Name = "Symbol"; Value = "RS-03K2103FT"; VariantName = "[No Variations]"
Add component (AddParameter): Name = "Temperature Coefficient"; Value = "±100ppm/℃"; VariantName = "[No Variations]"
Add component (AddParameter): Name = "Tolerance"; Value = "±1%"; VariantName = "[No Variations]"
Add component (AddParameter): Name = "Value"; Value = "210kΩ"; VariantName = "[No Variations]"
Added Component: Designator=R3(R0603)
Add component (AddParameter): Name = "Add into BOM"; Value = "yes"; VariantName = "[No Variations]"
Add component (AddParameter): Name = "Convert to PCB"; Value = "yes"; VariantName = "[No Variations]"
Add component (AddParameter): Name = "Datasheet"; Value = "https://atta.szlcsc.com/upload/public/pdf/source/20181008/C304716_9BC739B48A9CEB835AD69263E841A8EC.pdf"; VariantName = "[No Variations]"
Add component (AddParameter): Name = "Device"; Value = "RS-03K2103FT"; VariantName = "[No Variations]"
Add component (AddParameter): Name = "JLCPCB Part Class"; Value = "Extended Part"; VariantName = "[No Variations]"
Add component (AddParameter): Name = "LCSC Part Name"; Value = "210kΩ ±1% 100mW"; VariantName = "[No Variations]"
Add component (AddParameter): Name = "Manufacturer"; Value = "FH(风华)"; VariantName = "[No Variations]"
Add component (AddParameter): Name = "Manufacturer Part"; Value = "RS-03K2103FT"; VariantName = "[No Variations]"
Add component (AddParameter): Name = "Name"; Value = "210kΩ"; VariantName = "[No Variations]"
Add component (AddParameter): Name = "Operating Temperature Range"; Value = "-55℃~+155℃"; VariantName = "[No Variations]"
Add component (AddParameter): Name = "Overload Voltage (Max)"; Value = "50V"; VariantName = "[No Variations]"
Add component (AddParameter): Name = "Power(Watts)"; Value = "100mW"; VariantName = "[No Variations]"
Add component (AddParameter): Name = "Supplier"; Value = "LCSC"; VariantName = "[No Variations]"
Add component (AddParameter): Name = "Supplier Footprint"; Value = "0603"; VariantName = "[No Variations]"
Add component (AddParameter): Name = "Supplier Part"; Value = "C304716"; VariantName = "[No Variations]"
Add component (AddParameter): Name = "Symbol"; Value = "RS-03K2103FT"; VariantName = "[No Variations]"
Add component (AddParameter): Name = "Temperature Coefficient"; Value = "±100ppm/℃"; VariantName = "[No Variations]"
Add component (AddParameter): Name = "Tolerance"; Value = "±1%"; VariantName = "[No Variations]"
Add component (AddParameter): Name = "Value"; Value = "210kΩ"; VariantName = "[No Variations]"
Added Component: Designator=R4(R0603)
Add component (AddParameter): Name = "Add into BOM"; Value = "yes"; VariantName = "[No Variations]"
Add component (AddParameter): Name = "Convert to PCB"; Value = "yes"; VariantName = "[No Variations]"
Add component (AddParameter): Name = "Datasheet"; Value = "https://atta.szlcsc.com/upload/public/pdf/source/20181008/C304716_9BC739B48A9CEB835AD69263E841A8EC.pdf"; VariantName = "[No Variations]"
Add component (AddParameter): Name = "Device"; Value = "RS-03K2103FT"; VariantName = "[No Variations]"
Add component (AddParameter): Name = "JLCPCB Part Class"; Value = "Extended Part"; VariantName = "[No Variations]"
Add component (AddParameter): Name = "LCSC Part Name"; Value = "210kΩ ±1% 100mW"; VariantName = "[No Variations]"
Add component (AddParameter): Name = "Manufacturer"; Value = "FH(风华)"; VariantName = "[No Variations]"
Add component (AddParameter): Name = "Manufacturer Part"; Value = "RS-03K2103FT"; VariantName = "[No Variations]"
Add component (AddParameter): Name = "Name"; Value = "210kΩ"; VariantName = "[No Variations]"
Add component (AddParameter): Name = "Operating Temperature Range"; Value = "-55℃~+155℃"; VariantName = "[No Variations]"
Add component (AddParameter): Name = "Overload Voltage (Max)"; Value = "50V"; VariantName = "[No Variations]"
Add component (AddParameter): Name = "Power(Watts)"; Value = "100mW"; VariantName = "[No Variations]"
Add component (AddParameter): Name = "Supplier"; Value = "LCSC"; VariantName = "[No Variations]"
Add component (AddParameter): Name = "Supplier Footprint"; Value = "0603"; VariantName = "[No Variations]"
Add component (AddParameter): Name = "Supplier Part"; Value = "C304716"; VariantName = "[No Variations]"
Add component (AddParameter): Name = "Symbol"; Value = "RS-03K2103FT"; VariantName = "[No Variations]"
Add component (AddParameter): Name = "Temperature Coefficient"; Value = "±100ppm/℃"; VariantName = "[No Variations]"
Add component (AddParameter): Name = "Tolerance"; Value = "±1%"; VariantName = "[No Variations]"
Add component (AddParameter): Name = "Value"; Value = "210kΩ"; VariantName = "[No Variations]"
Added Component: Designator=R5(R0603)
Add component (AddParameter): Name = "Add into BOM"; Value = "yes"; VariantName = "[No Variations]"
Add component (AddParameter): Name = "Convert to PCB"; Value = "yes"; VariantName = "[No Variations]"
Add component (AddParameter): Name = "Datasheet"; Value = "https://atta.szlcsc.com/upload/public/pdf/source/20181008/C304716_9BC739B48A9CEB835AD69263E841A8EC.pdf"; VariantName = "[No Variations]"
Add component (AddParameter): Name = "Device"; Value = "RS-03K2103FT"; VariantName = "[No Variations]"
Add component (AddParameter): Name = "JLCPCB Part Class"; Value = "Extended Part"; VariantName = "[No Variations]"
Add component (AddParameter): Name = "LCSC Part Name"; Value = "210kΩ ±1% 100mW"; VariantName = "[No Variations]"
Add component (AddParameter): Name = "Manufacturer"; Value = "FH(风华)"; VariantName = "[No Variations]"
Add component (AddParameter): Name = "Manufacturer Part"; Value = "RS-03K2103FT"; VariantName = "[No Variations]"
Add component (AddParameter): Name = "Name"; Value = "210kΩ"; VariantName = "[No Variations]"
Add component (AddParameter): Name = "Operating Temperature Range"; Value = "-55℃~+155℃"; VariantName = "[No Variations]"
Add component (AddParameter): Name = "Overload Voltage (Max)"; Value = "50V"; VariantName = "[No Variations]"
Add component (AddParameter): Name = "Power(Watts)"; Value = "100mW"; VariantName = "[No Variations]"
Add component (AddParameter): Name = "Supplier"; Value = "LCSC"; VariantName = "[No Variations]"
Add component (AddParameter): Name = "Supplier Footprint"; Value = "0603"; VariantName = "[No Variations]"
Add component (AddParameter): Name = "Supplier Part"; Value = "C304716"; VariantName = "[No Variations]"
Add component (AddParameter): Name = "Symbol"; Value = "RS-03K2103FT"; VariantName = "[No Variations]"
Add component (AddParameter): Name = "Temperature Coefficient"; Value = "±100ppm/℃"; VariantName = "[No Variations]"
Add component (AddParameter): Name = "Tolerance"; Value = "±1%"; VariantName = "[No Variations]"
Add component (AddParameter): Name = "Value"; Value = "210kΩ"; VariantName = "[No Variations]"
Added Component: Designator=R6(R0603)
Add component (AddParameter): Name = "Add into BOM"; Value = "yes"; VariantName = "[No Variations]"
Add component (AddParameter): Name = "Convert to PCB"; Value = "yes"; VariantName = "[No Variations]"
Add component (AddParameter): Name = "Datasheet"; Value = "https://atta.szlcsc.com/upload/public/pdf/source/20181008/C304716_9BC739B48A9CEB835AD69263E841A8EC.pdf"; VariantName = "[No Variations]"
Add component (AddParameter): Name = "Device"; Value = "RS-03K2103FT"; VariantName = "[No Variations]"
Add component (AddParameter): Name = "JLCPCB Part Class"; Value = "Extended Part"; VariantName = "[No Variations]"
Add component (AddParameter): Name = "LCSC Part Name"; Value = "210kΩ ±1% 100mW"; VariantName = "[No Variations]"
Add component (AddParameter): Name = "Manufacturer"; Value = "FH(风华)"; VariantName = "[No Variations]"
Add component (AddParameter): Name = "Manufacturer Part"; Value = "RS-03K2103FT"; VariantName = "[No Variations]"
Add component (AddParameter): Name = "Name"; Value = "210kΩ"; VariantName = "[No Variations]"
Add component (AddParameter): Name = "Operating Temperature Range"; Value = "-55℃~+155℃"; VariantName = "[No Variations]"
Add component (AddParameter): Name = "Overload Voltage (Max)"; Value = "50V"; VariantName = "[No Variations]"
Add component (AddParameter): Name = "Power(Watts)"; Value = "100mW"; VariantName = "[No Variations]"
Add component (AddParameter): Name = "Supplier"; Value = "LCSC"; VariantName = "[No Variations]"
Add component (AddParameter): Name = "Supplier Footprint"; Value = "0603"; VariantName = "[No Variations]"
Add component (AddParameter): Name = "Supplier Part"; Value = "C304716"; VariantName = "[No Variations]"
Add component (AddParameter): Name = "Symbol"; Value = "RS-03K2103FT"; VariantName = "[No Variations]"
Add component (AddParameter): Name = "Temperature Coefficient"; Value = "±100ppm/℃"; VariantName = "[No Variations]"
Add component (AddParameter): Name = "Tolerance"; Value = "±1%"; VariantName = "[No Variations]"
Add component (AddParameter): Name = "Value"; Value = "210kΩ"; VariantName = "[No Variations]"
Added Component: Designator=U1(LC-SOIC-8_EP_150mil)
Added Pin To Net: NetName=EN Pin=R5-1
Added Pin To Net: NetName=EN Pin=R6-2
Added Pin To Net: NetName=EN Pin=U1-2
Added Net: Name=EN
Added Pin To Net: NetName=GND Pin=C1-1
Added Pin To Net: NetName=GND Pin=C2-1
Added Pin To Net: NetName=GND Pin=D1-2
Added Pin To Net: NetName=GND Pin=R2-1
Added Pin To Net: NetName=GND Pin=R3-1
Added Pin To Net: NetName=GND Pin=R4-1
Added Pin To Net: NetName=GND Pin=R6-1
Added Pin To Net: NetName=GND Pin=U1-5
Added Net: Name=GND
Added Pin To Net: NetName=NetC3_1 Pin=C3-1
Added Pin To Net: NetName=NetC3_1 Pin=R3-2
Added Net: Name=NetC3_1
Added Pin To Net: NetName=NetC3_2 Pin=C3-2
Added Pin To Net: NetName=NetC3_2 Pin=U1-3
Added Net: Name=NetC3_2
Added Pin To Net: NetName=NetC4_1 Pin=C4-1
Added Pin To Net: NetName=NetC4_1 Pin=U1-8
Added Net: Name=NetC4_1
Added Pin To Net: NetName=NetC4_2 Pin=C4-2
Added Pin To Net: NetName=NetC4_2 Pin=D1-1
Added Pin To Net: NetName=NetC4_2 Pin=L1-1
Added Pin To Net: NetName=NetC4_2 Pin=U1-1
Added Net: Name=NetC4_2
Added Pin To Net: NetName=NetR1_2 Pin=R1-2
Added Pin To Net: NetName=NetR1_2 Pin=R2-2
Added Pin To Net: NetName=NetR1_2 Pin=U1-4
Added Net: Name=NetR1_2
Added Pin To Net: NetName=NetR4_2 Pin=R4-2
Added Pin To Net: NetName=NetR4_2 Pin=U1-6
Added Net: Name=NetR4_2
Added Pin To Net: NetName=VIN Pin=C1-2
Added Pin To Net: NetName=VIN Pin=R5-2
Added Pin To Net: NetName=VIN Pin=U1-7
Added Net: Name=VIN
Added Pin To Net: NetName=VOUT Pin=C2-2
Added Pin To Net: NetName=VOUT Pin=L1-2
Added Pin To Net: NetName=VOUT Pin=R1-1
Added Net: Name=VOUT
Added Class: Name=降压模块
