Removed Pin From Net: NetName=GND Pin=In1-1
Removed Pin From Net: NetName=Singal_DCT Pin=In1-2
Removed Pin From Net: NetName=Singal_2 Pin=In1-4
Removed Pin From Net: NetName=Singal_1 Pin=In1-5
Removed Pin From Net: NetName=GND Pin=In1-6
Removed Pin From Net: NetName=VCC_OUT Pin=SA1-1
Removed Pin From Net: NetName=GND Pin=SA1-2
Removed Pin From Net: NetName=VCC_OUT Pin=SA2-1
Removed Pin From Net: NetName=GND Pin=SA2-2
Removed Pin From Net: NetName=VCC_OUT Pin=SA3-1
Removed Pin From Net: NetName=GND Pin=SA3-2
Removed Pin From Net: NetName=VCC_OUT Pin=SA4-1
Removed Pin From Net: NetName=GND Pin=SA4-2
Removed Pin From Net: NetName=VCC_OUT Pin=SA5-1
Removed Pin From Net: NetName=GND Pin=SA5-2
Removed Pin From Net: NetName=GND Pin=SH1-1
Removed Pin From Net: NetName=C5 Pin=SH1-3
Removed Pin From Net: NetName=GND Pin=SH2-1
Removed Pin From Net: NetName=C7 Pin=SH2-3
Removed Pin From Net: NetName=GND Pin=SH3-1
Removed Pin From Net: NetName=C10 Pin=SH3-3
Removed Pin From Net: NetName=GND Pin=SH4-1
Removed Pin From Net: NetName=C11 Pin=SH4-3
Removed Pin From Net: NetName=GND Pin=SH5-1
Removed Pin From Net: NetName=C12 Pin=SH5-3
Removed Pin From Net: NetName=GND Pin=TR_IN1-3
Removed Pin From Net: NetName=GND Pin=TR_IN1-4
Removed Pin From Net: NetName=GND Pin=TR_IN1-5
Removed Pin From Net: NetName=GND Pin=TR_IN1-6
Removed Pin From Net: NetName=VCCBAT Pin=TR_IN1-7
Removed Pin From Net: NetName=VCCBAT Pin=TR_IN1-8
Removed Member From Class: ClassName=智能车主板 Member=In1
Removed Member From Class: ClassName=智能车主板 Member=SA1
Removed Member From Class: ClassName=智能车主板 Member=SA2
Removed Member From Class: ClassName=智能车主板 Member=SA3
Removed Member From Class: ClassName=智能车主板 Member=SA4
Removed Member From Class: ClassName=智能车主板 Member=SA5
Removed Member From Class: ClassName=智能车主板 Member=SH1
Removed Member From Class: ClassName=智能车主板 Member=SH2
Removed Member From Class: ClassName=智能车主板 Member=SH3
Removed Member From Class: ClassName=智能车主板 Member=SH4
Removed Member From Class: ClassName=智能车主板 Member=SH5
Removed Member From Class: ClassName=智能车主板 Member=TR_IN1
Change Component Comment : Designator=C22_CSI Old Comment=100NF 50V  New Comment=100NF 50V
Added Component: Designator=Ddct(1N5819W_C727115)
Add component (AddParameter): Name = "BOM_JLCPCB Part Class"; Value = "Extended Part"; VariantName = "[No Variations]"
Add component (AddParameter): Name = "BOM_Manufacturer"; Value = "TWGMC"; VariantName = "[No Variations]"
Add component (AddParameter): Name = "BOM_Manufacturer Part"; Value = "1N5819W"; VariantName = "[No Variations]"
Add component (AddParameter): Name = "BOM_Supplier"; Value = "LCSC"; VariantName = "[No Variations]"
Add component (AddParameter): Name = "BOM_Supplier Part"; Value = "C727115"; VariantName = "[No Variations]"
Add component (AddParameter): Name = "Contributor"; Value = "LCSC"; VariantName = "[No Variations]"
Add component (AddParameter): Name = "spicePre"; Value = "D"; VariantName = "[No Variations]"
Add component (AddParameter): Name = "spiceSymbolName"; Value = "1N5819W_C727115"; VariantName = "[No Variations]"
Added Component: Designator=Dsa1(1N5819W_C727115)
Add component (AddParameter): Name = "BOM_JLCPCB Part Class"; Value = "Extended Part"; VariantName = "[No Variations]"
Add component (AddParameter): Name = "BOM_Manufacturer"; Value = "TWGMC"; VariantName = "[No Variations]"
Add component (AddParameter): Name = "BOM_Manufacturer Part"; Value = "1N5819W"; VariantName = "[No Variations]"
Add component (AddParameter): Name = "BOM_Supplier"; Value = "LCSC"; VariantName = "[No Variations]"
Add component (AddParameter): Name = "BOM_Supplier Part"; Value = "C727115"; VariantName = "[No Variations]"
Add component (AddParameter): Name = "Contributor"; Value = "LCSC"; VariantName = "[No Variations]"
Add component (AddParameter): Name = "spicePre"; Value = "D"; VariantName = "[No Variations]"
Add component (AddParameter): Name = "spiceSymbolName"; Value = "1N5819W_C727115"; VariantName = "[No Variations]"
Added Component: Designator=Dsa2(1N5819W_C727115)
Add component (AddParameter): Name = "BOM_JLCPCB Part Class"; Value = "Extended Part"; VariantName = "[No Variations]"
Add component (AddParameter): Name = "BOM_Manufacturer"; Value = "TWGMC"; VariantName = "[No Variations]"
Add component (AddParameter): Name = "BOM_Manufacturer Part"; Value = "1N5819W"; VariantName = "[No Variations]"
Add component (AddParameter): Name = "BOM_Supplier"; Value = "LCSC"; VariantName = "[No Variations]"
Add component (AddParameter): Name = "BOM_Supplier Part"; Value = "C727115"; VariantName = "[No Variations]"
Add component (AddParameter): Name = "Contributor"; Value = "LCSC"; VariantName = "[No Variations]"
Add component (AddParameter): Name = "spicePre"; Value = "D"; VariantName = "[No Variations]"
Add component (AddParameter): Name = "spiceSymbolName"; Value = "1N5819W_C727115"; VariantName = "[No Variations]"
Added Component: Designator=Dsa3(1N5819W_C727115)
Add component (AddParameter): Name = "BOM_JLCPCB Part Class"; Value = "Extended Part"; VariantName = "[No Variations]"
Add component (AddParameter): Name = "BOM_Manufacturer"; Value = "TWGMC"; VariantName = "[No Variations]"
Add component (AddParameter): Name = "BOM_Manufacturer Part"; Value = "1N5819W"; VariantName = "[No Variations]"
Add component (AddParameter): Name = "BOM_Supplier"; Value = "LCSC"; VariantName = "[No Variations]"
Add component (AddParameter): Name = "BOM_Supplier Part"; Value = "C727115"; VariantName = "[No Variations]"
Add component (AddParameter): Name = "Contributor"; Value = "LCSC"; VariantName = "[No Variations]"
Add component (AddParameter): Name = "spicePre"; Value = "D"; VariantName = "[No Variations]"
Add component (AddParameter): Name = "spiceSymbolName"; Value = "1N5819W_C727115"; VariantName = "[No Variations]"
Added Component: Designator=Dsa4(1N5819W_C727115)
Add component (AddParameter): Name = "BOM_JLCPCB Part Class"; Value = "Extended Part"; VariantName = "[No Variations]"
Add component (AddParameter): Name = "BOM_Manufacturer"; Value = "TWGMC"; VariantName = "[No Variations]"
Add component (AddParameter): Name = "BOM_Manufacturer Part"; Value = "1N5819W"; VariantName = "[No Variations]"
Add component (AddParameter): Name = "BOM_Supplier"; Value = "LCSC"; VariantName = "[No Variations]"
Add component (AddParameter): Name = "BOM_Supplier Part"; Value = "C727115"; VariantName = "[No Variations]"
Add component (AddParameter): Name = "Contributor"; Value = "LCSC"; VariantName = "[No Variations]"
Add component (AddParameter): Name = "spicePre"; Value = "D"; VariantName = "[No Variations]"
Add component (AddParameter): Name = "spiceSymbolName"; Value = "1N5819W_C727115"; VariantName = "[No Variations]"
Added Component: Designator=Dsa5(1N5819W_C727115)
Add component (AddParameter): Name = "BOM_JLCPCB Part Class"; Value = "Extended Part"; VariantName = "[No Variations]"
Add component (AddParameter): Name = "BOM_Manufacturer"; Value = "TWGMC"; VariantName = "[No Variations]"
Add component (AddParameter): Name = "BOM_Manufacturer Part"; Value = "1N5819W"; VariantName = "[No Variations]"
Add component (AddParameter): Name = "BOM_Supplier"; Value = "LCSC"; VariantName = "[No Variations]"
Add component (AddParameter): Name = "BOM_Supplier Part"; Value = "C727115"; VariantName = "[No Variations]"
Add component (AddParameter): Name = "Contributor"; Value = "LCSC"; VariantName = "[No Variations]"
Add component (AddParameter): Name = "spicePre"; Value = "D"; VariantName = "[No Variations]"
Add component (AddParameter): Name = "spiceSymbolName"; Value = "1N5819W_C727115"; VariantName = "[No Variations]"
Added Component: Designator=JPdct(HDR-2P)
Add component (AddParameter): Name = "BOM名称"; Value = "2P接插件"; VariantName = "[No Variations]"
Add component (AddParameter): Name = "学习资源"; Value = "www.ooocke.com"; VariantName = "[No Variations]"
Add component (AddParameter): Name = "版权归属"; Value = "源创客"; VariantName = "[No Variations]"
Added Component: Designator=JPsa1(HDR-2P)
Add component (AddParameter): Name = "BOM名称"; Value = "2P接插件"; VariantName = "[No Variations]"
Add component (AddParameter): Name = "学习资源"; Value = "www.ooocke.com"; VariantName = "[No Variations]"
Add component (AddParameter): Name = "版权归属"; Value = "源创客"; VariantName = "[No Variations]"
Added Component: Designator=JPsa2(HDR-2P)
Add component (AddParameter): Name = "BOM名称"; Value = "2P接插件"; VariantName = "[No Variations]"
Add component (AddParameter): Name = "学习资源"; Value = "www.ooocke.com"; VariantName = "[No Variations]"
Add component (AddParameter): Name = "版权归属"; Value = "源创客"; VariantName = "[No Variations]"
Added Component: Designator=JPsa3(HDR-2P)
Add component (AddParameter): Name = "BOM名称"; Value = "2P接插件"; VariantName = "[No Variations]"
Add component (AddParameter): Name = "学习资源"; Value = "www.ooocke.com"; VariantName = "[No Variations]"
Add component (AddParameter): Name = "版权归属"; Value = "源创客"; VariantName = "[No Variations]"
Added Component: Designator=JPsa4(HDR-2P)
Add component (AddParameter): Name = "BOM名称"; Value = "2P接插件"; VariantName = "[No Variations]"
Add component (AddParameter): Name = "学习资源"; Value = "www.ooocke.com"; VariantName = "[No Variations]"
Add component (AddParameter): Name = "版权归属"; Value = "源创客"; VariantName = "[No Variations]"
Added Component: Designator=JPsa5(HDR-2P)
Add component (AddParameter): Name = "BOM名称"; Value = "2P接插件"; VariantName = "[No Variations]"
Add component (AddParameter): Name = "学习资源"; Value = "www.ooocke.com"; VariantName = "[No Variations]"
Add component (AddParameter): Name = "版权归属"; Value = "源创客"; VariantName = "[No Variations]"
Added Component: Designator=Qdct(ao3402)
Add component (AddParameter): Name = "Add into BOM"; Value = "yes"; VariantName = "[No Variations]"
Add component (AddParameter): Name = "Continuous Drain Current (Id)"; Value = "4A"; VariantName = "[No Variations]"
Add component (AddParameter): Name = "Convert to PCB"; Value = "yes"; VariantName = "[No Variations]"
Add component (AddParameter): Name = "Datasheet"; Value = "https://atta.szlcsc.com/upload/public/pdf/source/20171023/C14385_15087455190191052858.pdf"; VariantName = "[No Variations]"
Add component (AddParameter): Name = "Device"; Value = "AO3402"; VariantName = "[No Variations]"
Add component (AddParameter): Name = "Drain Source On Resistance (RDS(on)@Vgs,Id)"; Value = "55mΩ@10V,4A"; VariantName = "[No Variations]"
Add component (AddParameter): Name = "Drain Source Voltage (Vdss)"; Value = "30V"; VariantName = "[No Variations]"
Add component (AddParameter): Name = "Gate Threshold Voltage (Vgs(th)@Id)"; Value = "1.4V@250uA"; VariantName = "[No Variations]"
Add component (AddParameter): Name = "Input Capacitance (Ciss@Vds)"; Value = "390pF@15V"; VariantName = "[No Variations]"
Add component (AddParameter): Name = "JLCPCB Part Class"; Value = "Extended Part"; VariantName = "[No Variations]"
Add component (AddParameter): Name = "LCSC Part Name"; Value = "N沟道 30V 4A"; VariantName = "[No Variations]"
Add component (AddParameter): Name = "Manufacturer"; Value = "AOS"; VariantName = "[No Variations]"
Add component (AddParameter): Name = "Manufacturer Part"; Value = "AO3402"; VariantName = "[No Variations]"
Add component (AddParameter): Name = "Name"; Value = "AO3402"; VariantName = "[No Variations]"
Add component (AddParameter): Name = "Operating Temperature"; Value = "-55℃~+150℃@(Tj)"; VariantName = "[No Variations]"
Add component (AddParameter): Name = "Power Dissipation (Pd)"; Value = "1.4W"; VariantName = "[No Variations]"
Add component (AddParameter): Name = "Supplier"; Value = "LCSC"; VariantName = "[No Variations]"
Add component (AddParameter): Name = "Supplier Footprint"; Value = "SOT-23"; VariantName = "[No Variations]"
Add component (AddParameter): Name = "Supplier Part"; Value = "C14385"; VariantName = "[No Variations]"
Add component (AddParameter): Name = "Symbol"; Value = "AO3402_C14385"; VariantName = "[No Variations]"
Add component (AddParameter): Name = "Total Gate Charge (Qg@Vgs)"; Value = "4.34nC@4.5V"; VariantName = "[No Variations]"
Add component (AddParameter): Name = "Type"; Value = "N沟道"; VariantName = "[No Variations]"
Added Component: Designator=Qsa1(ao3402)
Add component (AddParameter): Name = "Add into BOM"; Value = "yes"; VariantName = "[No Variations]"
Add component (AddParameter): Name = "Continuous Drain Current (Id)"; Value = "4A"; VariantName = "[No Variations]"
Add component (AddParameter): Name = "Convert to PCB"; Value = "yes"; VariantName = "[No Variations]"
Add component (AddParameter): Name = "Datasheet"; Value = "https://atta.szlcsc.com/upload/public/pdf/source/20171023/C14385_15087455190191052858.pdf"; VariantName = "[No Variations]"
Add component (AddParameter): Name = "Device"; Value = "AO3402"; VariantName = "[No Variations]"
Add component (AddParameter): Name = "Drain Source On Resistance (RDS(on)@Vgs,Id)"; Value = "55mΩ@10V,4A"; VariantName = "[No Variations]"
Add component (AddParameter): Name = "Drain Source Voltage (Vdss)"; Value = "30V"; VariantName = "[No Variations]"
Add component (AddParameter): Name = "Gate Threshold Voltage (Vgs(th)@Id)"; Value = "1.4V@250uA"; VariantName = "[No Variations]"
Add component (AddParameter): Name = "Input Capacitance (Ciss@Vds)"; Value = "390pF@15V"; VariantName = "[No Variations]"
Add component (AddParameter): Name = "JLCPCB Part Class"; Value = "Extended Part"; VariantName = "[No Variations]"
Add component (AddParameter): Name = "LCSC Part Name"; Value = "N沟道 30V 4A"; VariantName = "[No Variations]"
Add component (AddParameter): Name = "Manufacturer"; Value = "AOS"; VariantName = "[No Variations]"
Add component (AddParameter): Name = "Manufacturer Part"; Value = "AO3402"; VariantName = "[No Variations]"
Add component (AddParameter): Name = "Name"; Value = "AO3402"; VariantName = "[No Variations]"
Add component (AddParameter): Name = "Operating Temperature"; Value = "-55℃~+150℃@(Tj)"; VariantName = "[No Variations]"
Add component (AddParameter): Name = "Power Dissipation (Pd)"; Value = "1.4W"; VariantName = "[No Variations]"
Add component (AddParameter): Name = "Supplier"; Value = "LCSC"; VariantName = "[No Variations]"
Add component (AddParameter): Name = "Supplier Footprint"; Value = "SOT-23"; VariantName = "[No Variations]"
Add component (AddParameter): Name = "Supplier Part"; Value = "C14385"; VariantName = "[No Variations]"
Add component (AddParameter): Name = "Symbol"; Value = "AO3402_C14385"; VariantName = "[No Variations]"
Add component (AddParameter): Name = "Total Gate Charge (Qg@Vgs)"; Value = "4.34nC@4.5V"; VariantName = "[No Variations]"
Add component (AddParameter): Name = "Type"; Value = "N沟道"; VariantName = "[No Variations]"
Added Component: Designator=Qsa2(ao3402)
Add component (AddParameter): Name = "Add into BOM"; Value = "yes"; VariantName = "[No Variations]"
Add component (AddParameter): Name = "Continuous Drain Current (Id)"; Value = "4A"; VariantName = "[No Variations]"
Add component (AddParameter): Name = "Convert to PCB"; Value = "yes"; VariantName = "[No Variations]"
Add component (AddParameter): Name = "Datasheet"; Value = "https://atta.szlcsc.com/upload/public/pdf/source/20171023/C14385_15087455190191052858.pdf"; VariantName = "[No Variations]"
Add component (AddParameter): Name = "Device"; Value = "AO3402"; VariantName = "[No Variations]"
Add component (AddParameter): Name = "Drain Source On Resistance (RDS(on)@Vgs,Id)"; Value = "55mΩ@10V,4A"; VariantName = "[No Variations]"
Add component (AddParameter): Name = "Drain Source Voltage (Vdss)"; Value = "30V"; VariantName = "[No Variations]"
Add component (AddParameter): Name = "Gate Threshold Voltage (Vgs(th)@Id)"; Value = "1.4V@250uA"; VariantName = "[No Variations]"
Add component (AddParameter): Name = "Input Capacitance (Ciss@Vds)"; Value = "390pF@15V"; VariantName = "[No Variations]"
Add component (AddParameter): Name = "JLCPCB Part Class"; Value = "Extended Part"; VariantName = "[No Variations]"
Add component (AddParameter): Name = "LCSC Part Name"; Value = "N沟道 30V 4A"; VariantName = "[No Variations]"
Add component (AddParameter): Name = "Manufacturer"; Value = "AOS"; VariantName = "[No Variations]"
Add component (AddParameter): Name = "Manufacturer Part"; Value = "AO3402"; VariantName = "[No Variations]"
Add component (AddParameter): Name = "Name"; Value = "AO3402"; VariantName = "[No Variations]"
Add component (AddParameter): Name = "Operating Temperature"; Value = "-55℃~+150℃@(Tj)"; VariantName = "[No Variations]"
Add component (AddParameter): Name = "Power Dissipation (Pd)"; Value = "1.4W"; VariantName = "[No Variations]"
Add component (AddParameter): Name = "Supplier"; Value = "LCSC"; VariantName = "[No Variations]"
Add component (AddParameter): Name = "Supplier Footprint"; Value = "SOT-23"; VariantName = "[No Variations]"
Add component (AddParameter): Name = "Supplier Part"; Value = "C14385"; VariantName = "[No Variations]"
Add component (AddParameter): Name = "Symbol"; Value = "AO3402_C14385"; VariantName = "[No Variations]"
Add component (AddParameter): Name = "Total Gate Charge (Qg@Vgs)"; Value = "4.34nC@4.5V"; VariantName = "[No Variations]"
Add component (AddParameter): Name = "Type"; Value = "N沟道"; VariantName = "[No Variations]"
Added Component: Designator=Qsa3(ao3402)
Add component (AddParameter): Name = "Add into BOM"; Value = "yes"; VariantName = "[No Variations]"
Add component (AddParameter): Name = "Continuous Drain Current (Id)"; Value = "4A"; VariantName = "[No Variations]"
Add component (AddParameter): Name = "Convert to PCB"; Value = "yes"; VariantName = "[No Variations]"
Add component (AddParameter): Name = "Datasheet"; Value = "https://atta.szlcsc.com/upload/public/pdf/source/20171023/C14385_15087455190191052858.pdf"; VariantName = "[No Variations]"
Add component (AddParameter): Name = "Device"; Value = "AO3402"; VariantName = "[No Variations]"
Add component (AddParameter): Name = "Drain Source On Resistance (RDS(on)@Vgs,Id)"; Value = "55mΩ@10V,4A"; VariantName = "[No Variations]"
Add component (AddParameter): Name = "Drain Source Voltage (Vdss)"; Value = "30V"; VariantName = "[No Variations]"
Add component (AddParameter): Name = "Gate Threshold Voltage (Vgs(th)@Id)"; Value = "1.4V@250uA"; VariantName = "[No Variations]"
Add component (AddParameter): Name = "Input Capacitance (Ciss@Vds)"; Value = "390pF@15V"; VariantName = "[No Variations]"
Add component (AddParameter): Name = "JLCPCB Part Class"; Value = "Extended Part"; VariantName = "[No Variations]"
Add component (AddParameter): Name = "LCSC Part Name"; Value = "N沟道 30V 4A"; VariantName = "[No Variations]"
Add component (AddParameter): Name = "Manufacturer"; Value = "AOS"; VariantName = "[No Variations]"
Add component (AddParameter): Name = "Manufacturer Part"; Value = "AO3402"; VariantName = "[No Variations]"
Add component (AddParameter): Name = "Name"; Value = "AO3402"; VariantName = "[No Variations]"
Add component (AddParameter): Name = "Operating Temperature"; Value = "-55℃~+150℃@(Tj)"; VariantName = "[No Variations]"
Add component (AddParameter): Name = "Power Dissipation (Pd)"; Value = "1.4W"; VariantName = "[No Variations]"
Add component (AddParameter): Name = "Supplier"; Value = "LCSC"; VariantName = "[No Variations]"
Add component (AddParameter): Name = "Supplier Footprint"; Value = "SOT-23"; VariantName = "[No Variations]"
Add component (AddParameter): Name = "Supplier Part"; Value = "C14385"; VariantName = "[No Variations]"
Add component (AddParameter): Name = "Symbol"; Value = "AO3402_C14385"; VariantName = "[No Variations]"
Add component (AddParameter): Name = "Total Gate Charge (Qg@Vgs)"; Value = "4.34nC@4.5V"; VariantName = "[No Variations]"
Add component (AddParameter): Name = "Type"; Value = "N沟道"; VariantName = "[No Variations]"
Added Component: Designator=Qsa4(ao3402)
Add component (AddParameter): Name = "Add into BOM"; Value = "yes"; VariantName = "[No Variations]"
Add component (AddParameter): Name = "Continuous Drain Current (Id)"; Value = "4A"; VariantName = "[No Variations]"
Add component (AddParameter): Name = "Convert to PCB"; Value = "yes"; VariantName = "[No Variations]"
Add component (AddParameter): Name = "Datasheet"; Value = "https://atta.szlcsc.com/upload/public/pdf/source/20171023/C14385_15087455190191052858.pdf"; VariantName = "[No Variations]"
Add component (AddParameter): Name = "Device"; Value = "AO3402"; VariantName = "[No Variations]"
Add component (AddParameter): Name = "Drain Source On Resistance (RDS(on)@Vgs,Id)"; Value = "55mΩ@10V,4A"; VariantName = "[No Variations]"
Add component (AddParameter): Name = "Drain Source Voltage (Vdss)"; Value = "30V"; VariantName = "[No Variations]"
Add component (AddParameter): Name = "Gate Threshold Voltage (Vgs(th)@Id)"; Value = "1.4V@250uA"; VariantName = "[No Variations]"
Add component (AddParameter): Name = "Input Capacitance (Ciss@Vds)"; Value = "390pF@15V"; VariantName = "[No Variations]"
Add component (AddParameter): Name = "JLCPCB Part Class"; Value = "Extended Part"; VariantName = "[No Variations]"
Add component (AddParameter): Name = "LCSC Part Name"; Value = "N沟道 30V 4A"; VariantName = "[No Variations]"
Add component (AddParameter): Name = "Manufacturer"; Value = "AOS"; VariantName = "[No Variations]"
Add component (AddParameter): Name = "Manufacturer Part"; Value = "AO3402"; VariantName = "[No Variations]"
Add component (AddParameter): Name = "Name"; Value = "AO3402"; VariantName = "[No Variations]"
Add component (AddParameter): Name = "Operating Temperature"; Value = "-55℃~+150℃@(Tj)"; VariantName = "[No Variations]"
Add component (AddParameter): Name = "Power Dissipation (Pd)"; Value = "1.4W"; VariantName = "[No Variations]"
Add component (AddParameter): Name = "Supplier"; Value = "LCSC"; VariantName = "[No Variations]"
Add component (AddParameter): Name = "Supplier Footprint"; Value = "SOT-23"; VariantName = "[No Variations]"
Add component (AddParameter): Name = "Supplier Part"; Value = "C14385"; VariantName = "[No Variations]"
Add component (AddParameter): Name = "Symbol"; Value = "AO3402_C14385"; VariantName = "[No Variations]"
Add component (AddParameter): Name = "Total Gate Charge (Qg@Vgs)"; Value = "4.34nC@4.5V"; VariantName = "[No Variations]"
Add component (AddParameter): Name = "Type"; Value = "N沟道"; VariantName = "[No Variations]"
Added Component: Designator=Qsa5(ao3402)
Add component (AddParameter): Name = "Add into BOM"; Value = "yes"; VariantName = "[No Variations]"
Add component (AddParameter): Name = "Continuous Drain Current (Id)"; Value = "4A"; VariantName = "[No Variations]"
Add component (AddParameter): Name = "Convert to PCB"; Value = "yes"; VariantName = "[No Variations]"
Add component (AddParameter): Name = "Datasheet"; Value = "https://atta.szlcsc.com/upload/public/pdf/source/20171023/C14385_15087455190191052858.pdf"; VariantName = "[No Variations]"
Add component (AddParameter): Name = "Device"; Value = "AO3402"; VariantName = "[No Variations]"
Add component (AddParameter): Name = "Drain Source On Resistance (RDS(on)@Vgs,Id)"; Value = "55mΩ@10V,4A"; VariantName = "[No Variations]"
Add component (AddParameter): Name = "Drain Source Voltage (Vdss)"; Value = "30V"; VariantName = "[No Variations]"
Add component (AddParameter): Name = "Gate Threshold Voltage (Vgs(th)@Id)"; Value = "1.4V@250uA"; VariantName = "[No Variations]"
Add component (AddParameter): Name = "Input Capacitance (Ciss@Vds)"; Value = "390pF@15V"; VariantName = "[No Variations]"
Add component (AddParameter): Name = "JLCPCB Part Class"; Value = "Extended Part"; VariantName = "[No Variations]"
Add component (AddParameter): Name = "LCSC Part Name"; Value = "N沟道 30V 4A"; VariantName = "[No Variations]"
Add component (AddParameter): Name = "Manufacturer"; Value = "AOS"; VariantName = "[No Variations]"
Add component (AddParameter): Name = "Manufacturer Part"; Value = "AO3402"; VariantName = "[No Variations]"
Add component (AddParameter): Name = "Name"; Value = "AO3402"; VariantName = "[No Variations]"
Add component (AddParameter): Name = "Operating Temperature"; Value = "-55℃~+150℃@(Tj)"; VariantName = "[No Variations]"
Add component (AddParameter): Name = "Power Dissipation (Pd)"; Value = "1.4W"; VariantName = "[No Variations]"
Add component (AddParameter): Name = "Supplier"; Value = "LCSC"; VariantName = "[No Variations]"
Add component (AddParameter): Name = "Supplier Footprint"; Value = "SOT-23"; VariantName = "[No Variations]"
Add component (AddParameter): Name = "Supplier Part"; Value = "C14385"; VariantName = "[No Variations]"
Add component (AddParameter): Name = "Symbol"; Value = "AO3402_C14385"; VariantName = "[No Variations]"
Add component (AddParameter): Name = "Total Gate Charge (Qg@Vgs)"; Value = "4.34nC@4.5V"; VariantName = "[No Variations]"
Add component (AddParameter): Name = "Type"; Value = "N沟道"; VariantName = "[No Variations]"
Added Component: Designator=Rdct1(0603R)
Added Component: Designator=Rdct2(C0603)
Added Component: Designator=Rsa11(0603R)
Added Component: Designator=Rsa12(C0603)
Added Component: Designator=Rsa21(0603R)
Added Component: Designator=Rsa22(C0603)
Added Component: Designator=Rsa31(0603R)
Added Component: Designator=Rsa32(C0603)
Added Component: Designator=Rsa41(0603R)
Added Component: Designator=Rsa42(C0603)
Added Component: Designator=Rsa51(0603R)
Added Component: Designator=Rsa52(C0603)
Added Pin To Net: NetName=DCT_VCC_12 Pin=Ddct-1
Added Pin To Net: NetName=VCC_OUT Pin=Dsa1-1
Added Pin To Net: NetName=VCC_OUT Pin=Dsa2-1
Added Pin To Net: NetName=DCT_VCC_12 Pin=Dsa3-1
Added Pin To Net: NetName=VCC_OUT Pin=Dsa4-1
Added Pin To Net: NetName=VCC_OUT Pin=Dsa5-1
Added Pin To Net: NetName=DCT_VCC_12 Pin=JPdct-2
Added Pin To Net: NetName=VCC_OUT Pin=JPsa1-2
Added Pin To Net: NetName=VCC_OUT Pin=JPsa2-2
Added Pin To Net: NetName=DCT_VCC_12 Pin=JPsa3-2
Added Pin To Net: NetName=VCC_OUT Pin=JPsa4-2
Added Pin To Net: NetName=VCC_OUT Pin=JPsa5-2
Added Pin To Net: NetName=GND Pin=Qdct-2
Added Pin To Net: NetName=GND Pin=Qsa1-2
Added Pin To Net: NetName=GND Pin=Qsa2-2
Added Pin To Net: NetName=GND Pin=Qsa3-2
Added Pin To Net: NetName=GND Pin=Qsa4-2
Added Pin To Net: NetName=GND Pin=Qsa5-2
Added Pin To Net: NetName=Singal_DCT Pin=Rdct1-1
Added Pin To Net: NetName=Singal_DCT Pin=Rdct2-1
Added Pin To Net: NetName=GND Pin=Rdct2-2
Added Pin To Net: NetName=C5 Pin=Rsa11-1
Added Pin To Net: NetName=C5 Pin=Rsa12-1
Added Pin To Net: NetName=GND Pin=Rsa12-2
Added Pin To Net: NetName=C7 Pin=Rsa21-1
Added Pin To Net: NetName=C7 Pin=Rsa22-1
Added Pin To Net: NetName=GND Pin=Rsa22-2
Added Pin To Net: NetName=C10 Pin=Rsa31-1
Added Pin To Net: NetName=C10 Pin=Rsa32-1
Added Pin To Net: NetName=GND Pin=Rsa32-2
Added Pin To Net: NetName=C11 Pin=Rsa41-1
Added Pin To Net: NetName=C11 Pin=Rsa42-1
Added Pin To Net: NetName=GND Pin=Rsa42-2
Added Pin To Net: NetName=C12 Pin=Rsa51-1
Added Pin To Net: NetName=C12 Pin=Rsa52-1
Added Pin To Net: NetName=GND Pin=Rsa52-2
Added Pin To Net: NetName=C31 Pin=Servo_3-3
Added Pin To Net: NetName=Singal_2 Pin=U10-52
Added Pin To Net: NetName=Singal_DCT Pin=U10-67
Added Pin To Net: NetName=Singal_1 Pin=U10-76
Change Net Name : Old Net Name=Singal_1 New Net Name=C6
Change Net Name : Old Net Name=Singal_2 New Net Name=C30
Change Net Name : Old Net Name=Singal_DCT New Net Name=C13
Added Pin To Net: NetName=NetDdct_2 Pin=Ddct-2
Added Pin To Net: NetName=NetDdct_2 Pin=JPdct-1
Added Pin To Net: NetName=NetDdct_2 Pin=Qdct-3
Added Net: Name=NetDdct_2
Added Pin To Net: NetName=NetDsa1_2 Pin=Dsa1-2
Added Pin To Net: NetName=NetDsa1_2 Pin=JPsa1-1
Added Pin To Net: NetName=NetDsa1_2 Pin=Qsa1-3
Added Net: Name=NetDsa1_2
Added Pin To Net: NetName=NetDsa2_2 Pin=Dsa2-2
Added Pin To Net: NetName=NetDsa2_2 Pin=JPsa2-1
Added Pin To Net: NetName=NetDsa2_2 Pin=Qsa2-3
Added Net: Name=NetDsa2_2
Added Pin To Net: NetName=NetDsa3_2 Pin=Dsa3-2
Added Pin To Net: NetName=NetDsa3_2 Pin=JPsa3-1
Added Pin To Net: NetName=NetDsa3_2 Pin=Qsa3-3
Added Net: Name=NetDsa3_2
Added Pin To Net: NetName=NetDsa4_2 Pin=Dsa4-2
Added Pin To Net: NetName=NetDsa4_2 Pin=JPsa4-1
Added Pin To Net: NetName=NetDsa4_2 Pin=Qsa4-3
Added Net: Name=NetDsa4_2
Added Pin To Net: NetName=NetDsa5_2 Pin=Dsa5-2
Added Pin To Net: NetName=NetDsa5_2 Pin=JPsa5-1
Added Pin To Net: NetName=NetDsa5_2 Pin=Qsa5-3
Added Net: Name=NetDsa5_2
Added Pin To Net: NetName=NetQdct_1 Pin=Qdct-1
Added Pin To Net: NetName=NetQdct_1 Pin=Rdct1-2
Added Net: Name=NetQdct_1
Added Pin To Net: NetName=NetQsa1_1 Pin=Qsa1-1
Added Pin To Net: NetName=NetQsa1_1 Pin=Rsa11-2
Added Net: Name=NetQsa1_1
Added Pin To Net: NetName=NetQsa2_1 Pin=Qsa2-1
Added Pin To Net: NetName=NetQsa2_1 Pin=Rsa21-2
Added Net: Name=NetQsa2_1
Added Pin To Net: NetName=NetQsa3_1 Pin=Qsa3-1
Added Pin To Net: NetName=NetQsa3_1 Pin=Rsa31-2
Added Net: Name=NetQsa3_1
Added Pin To Net: NetName=NetQsa4_1 Pin=Qsa4-1
Added Pin To Net: NetName=NetQsa4_1 Pin=Rsa41-2
Added Net: Name=NetQsa4_1
Added Pin To Net: NetName=NetQsa5_1 Pin=Qsa5-1
Added Pin To Net: NetName=NetQsa5_1 Pin=Rsa51-2
Added Net: Name=NetQsa5_1
Added Member To Class: ClassName=智能车主板 Member=Component Ddct 1N5819W_C727115
Added Member To Class: ClassName=智能车主板 Member=Component Dsa1 1N5819W_C727115
Added Member To Class: ClassName=智能车主板 Member=Component Dsa2 1N5819W_C727115
Added Member To Class: ClassName=智能车主板 Member=Component Dsa3 1N5819W_C727115
Added Member To Class: ClassName=智能车主板 Member=Component Dsa4 1N5819W_C727115
Added Member To Class: ClassName=智能车主板 Member=Component Dsa5 1N5819W_C727115
Added Member To Class: ClassName=智能车主板 Member=Component JPdct HDR-1X2
Added Member To Class: ClassName=智能车主板 Member=Component JPsa1 HDR-1X2
Added Member To Class: ClassName=智能车主板 Member=Component JPsa2 HDR-1X2
Added Member To Class: ClassName=智能车主板 Member=Component JPsa3 HDR-1X2
Added Member To Class: ClassName=智能车主板 Member=Component JPsa4 HDR-1X2
Added Member To Class: ClassName=智能车主板 Member=Component JPsa5 HDR-1X2
Added Member To Class: ClassName=智能车主板 Member=Component Qdct AO3402
Added Member To Class: ClassName=智能车主板 Member=Component Qsa1 AO3402
Added Member To Class: ClassName=智能车主板 Member=Component Qsa2 AO3402
Added Member To Class: ClassName=智能车主板 Member=Component Qsa3 AO3402
Added Member To Class: ClassName=智能车主板 Member=Component Qsa4 AO3402
Added Member To Class: ClassName=智能车主板 Member=Component Qsa5 AO3402
Added Member To Class: ClassName=智能车主板 Member=Component Rdct1 100R
Added Member To Class: ClassName=智能车主板 Member=Component Rdct2 10k
Added Member To Class: ClassName=智能车主板 Member=Component Rsa11 100R
Added Member To Class: ClassName=智能车主板 Member=Component Rsa12 10k
Added Member To Class: ClassName=智能车主板 Member=Component Rsa21 100R
Added Member To Class: ClassName=智能车主板 Member=Component Rsa22 10k
Added Member To Class: ClassName=智能车主板 Member=Component Rsa31 100R
Added Member To Class: ClassName=智能车主板 Member=Component Rsa32 10k
Added Member To Class: ClassName=智能车主板 Member=Component Rsa41 100R
Added Member To Class: ClassName=智能车主板 Member=Component Rsa42 10k
Added Member To Class: ClassName=智能车主板 Member=Component Rsa51 100R
Added Member To Class: ClassName=智能车主板 Member=Component Rsa52 10k
