Removed Pin From Net: NetName=GND Pin=R43-1
Removed Pin From Net: NetName=GND Pin=R44-1
Removed Pin From Net: NetName=GND Pin=R45-1
Removed Member From Class: ClassName=智能车主板 Member=R43
Removed Member From Class: ClassName=智能车主板 Member=R44
Removed Member From Class: ClassName=智能车主板 Member=R45
Added Pin To Net: NetName=GND Pin=C12-1
Added Pin To Net: NetName=GND Pin=C13-1
Added Pin To Net: NetName=GND Pin=C16-1
Added Pin To Net: NetName=GND Pin=C17-1
Added Pin To Net: NetName=GND Pin=C18-2
Added Pin To Net: NetName=GND Pin=C19-1
Added Pin To Net: NetName=GND Pin=C20-1
Added Pin To Net: NetName=GND Pin=C23-1
Added Pin To Net: NetName=GND Pin=C24-1
Added Pin To Net: NetName=VM Pin=C25-1
Added Pin To Net: NetName=GND Pin=C25-2
Added Pin To Net: NetName=GND Pin=C27-1
Added Pin To Net: NetName=GND Pin=C28-1
Added Pin To Net: NetName=GND Pin=C29-1
Added Pin To Net: NetName=GND Pin=C30-1
Added Pin To Net: NetName=GND Pin=C32-1
Added Pin To Net: NetName=GND Pin=C33-1
Added Pin To Net: NetName=GND Pin=C36-1
Added Pin To Net: NetName=GND Pin=C37-1
Added Pin To Net: NetName=VM Pin=D2-A
Added Pin To Net: NetName=GND Pin=D5-2
Added Pin To Net: NetName=GND Pin=D6-2
Added Pin To Net: NetName=VM Pin=D7-2
Added Pin To Net: NetName=VM Pin=D8-2
Added Pin To Net: NetName=GND Pin=DCT1-1
Added Pin To Net: NetName=GND Pin=In1-1
Added Pin To Net: NetName=GND Pin=In1-6
Added Pin To Net: NetName=GND Pin=LED4-1
Added Pin To Net: NetName=GND Pin=LED5-1
Added Pin To Net: NetName=GND Pin=LED6-1
Added Pin To Net: NetName=GND Pin=LED7-1
Added Pin To Net: NetName=VM Pin=Q1-1
Added Pin To Net: NetName=GND Pin=Q4-1
Added Pin To Net: NetName=GND Pin=Q4-2
Added Pin To Net: NetName=GND Pin=Q4-3
Added Pin To Net: NetName=GND Pin=Q6-1
Added Pin To Net: NetName=GND Pin=Q6-2
Added Pin To Net: NetName=GND Pin=Q6-3
Added Pin To Net: NetName=GND Pin=Q8-1
Added Pin To Net: NetName=GND Pin=Q8-2
Added Pin To Net: NetName=GND Pin=Q8-3
Added Pin To Net: NetName=GND Pin=Q10-1
Added Pin To Net: NetName=GND Pin=Q10-2
Added Pin To Net: NetName=GND Pin=Q10-3
Added Pin To Net: NetName=VM Pin=Q11-5
Added Pin To Net: NetName=VM Pin=Q11-6
Added Pin To Net: NetName=VM Pin=Q11-7
Added Pin To Net: NetName=VM Pin=Q11-8
Added Pin To Net: NetName=GND Pin=Q12-1
Added Pin To Net: NetName=GND Pin=Q12-2
Added Pin To Net: NetName=GND Pin=Q12-3
Added Pin To Net: NetName=VM Pin=Q13-5
Added Pin To Net: NetName=VM Pin=Q13-6
Added Pin To Net: NetName=VM Pin=Q13-7
Added Pin To Net: NetName=VM Pin=Q13-8
Added Pin To Net: NetName=GND Pin=Q14-1
Added Pin To Net: NetName=GND Pin=Q14-2
Added Pin To Net: NetName=GND Pin=Q14-3
Added Pin To Net: NetName=VM Pin=Q15-5
Added Pin To Net: NetName=VM Pin=Q15-6
Added Pin To Net: NetName=VM Pin=Q15-7
Added Pin To Net: NetName=VM Pin=Q15-8
Added Pin To Net: NetName=VM Pin=Q17-5
Added Pin To Net: NetName=VM Pin=Q17-6
Added Pin To Net: NetName=VM Pin=Q17-7
Added Pin To Net: NetName=VM Pin=Q17-8
Added Pin To Net: NetName=GND Pin=R32-2
Added Pin To Net: NetName=GND Pin=R33-2
Added Pin To Net: NetName=GND Pin=R34-1
Added Pin To Net: NetName=GND Pin=R35-1
Added Pin To Net: NetName=VM Pin=R36-1
Added Pin To Net: NetName=GND Pin=R39-2
Added Pin To Net: NetName=GND Pin=R40-2
Added Pin To Net: NetName=GND Pin=R41-1
Added Pin To Net: NetName=GND Pin=R42-1
Added Pin To Net: NetName=GND Pin=SA1-2
Added Pin To Net: NetName=GND Pin=SA2-2
Added Pin To Net: NetName=GND Pin=SA3-2
Added Pin To Net: NetName=GND Pin=SA4-2
Added Pin To Net: NetName=GND Pin=Servo_1-1
Added Pin To Net: NetName=GND Pin=Servo_2-1
Added Pin To Net: NetName=GND Pin=Servo_3-1
Added Pin To Net: NetName=GND Pin=SH1-1
Added Pin To Net: NetName=GND Pin=SH2-1
Added Pin To Net: NetName=GND Pin=SH3-1
Added Pin To Net: NetName=GND Pin=SH4-1
Added Pin To Net: NetName=GND Pin=SI_IN_all1-1
Added Pin To Net: NetName=GND Pin=SI_IN_all1-2
Added Pin To Net: NetName=GND Pin=TR_IN1-3
Added Pin To Net: NetName=GND Pin=TR_IN1-4
Added Pin To Net: NetName=GND Pin=TR_IN1-5
Added Pin To Net: NetName=GND Pin=TR_IN1-6
Added Pin To Net: NetName=VM Pin=TR_IN1-7
Added Pin To Net: NetName=VM Pin=TR_IN1-8
Added Pin To Net: NetName=GND Pin=TR_POWER1-3
Added Pin To Net: NetName=GND Pin=TR_POWER1-4
Added Pin To Net: NetName=GND Pin=TR_POWER1-5
Added Pin To Net: NetName=GND Pin=TR_POWER1-6
Added Pin To Net: NetName=VM Pin=TR_POWER1-7
Added Pin To Net: NetName=VM Pin=TR_POWER1-8
Added Pin To Net: NetName=GND Pin=transer_1-3
Added Pin To Net: NetName=GND Pin=transer_1-4
Added Pin To Net: NetName=GND Pin=transer_1-5
Added Pin To Net: NetName=GND Pin=transer_1-6
Added Pin To Net: NetName=VM Pin=transer_1-7
Added Pin To Net: NetName=VM Pin=transer_1-8
Added Pin To Net: NetName=GND Pin=transer_2-3
Added Pin To Net: NetName=GND Pin=transer_2-4
Added Pin To Net: NetName=GND Pin=transer_2-5
Added Pin To Net: NetName=GND Pin=transer_2-6
Added Pin To Net: NetName=VM Pin=transer_2-7
Added Pin To Net: NetName=VM Pin=transer_2-8
Added Pin To Net: NetName=GND Pin=transer_3-3
Added Pin To Net: NetName=GND Pin=transer_3-4
Added Pin To Net: NetName=GND Pin=transer_3-5
Added Pin To Net: NetName=GND Pin=transer_3-6
Added Pin To Net: NetName=VM Pin=transer_3-7
Added Pin To Net: NetName=VM Pin=transer_3-8
Added Pin To Net: NetName=VM Pin=Transer_4-1
Added Pin To Net: NetName=VM Pin=Transer_4-2
Added Pin To Net: NetName=GND Pin=Transer_4-3
Added Pin To Net: NetName=GND Pin=Transer_4-4
Added Pin To Net: NetName=GND Pin=U4-5
Added Pin To Net: NetName=GND Pin=U4-16
Added Pin To Net: NetName=GND Pin=U4-20
Added Pin To Net: NetName=GND Pin=U4-21
Added Pin To Net: NetName=GND Pin=U4-25
Added Pin To Net: NetName=GND Pin=U5-5
Added Pin To Net: NetName=GND Pin=U5-16
Added Pin To Net: NetName=GND Pin=U5-20
Added Pin To Net: NetName=GND Pin=U5-21
Added Pin To Net: NetName=GND Pin=U5-25
Added Pin To Net: NetName=GND Pin=U6-1
Added Pin To Net: NetName=GND Pin=U6-4
Added Pin To Net: NetName=GND Pin=U6-7
Added Pin To Net: NetName=GND Pin=U6-10
Added Pin To Net: NetName=GND Pin=U6-13
Added Pin To Net: NetName=GND Pin=U7-5
Added Pin To Net: NetName=GND Pin=U7-16
Added Pin To Net: NetName=GND Pin=U7-20
Added Pin To Net: NetName=GND Pin=U7-21
Added Pin To Net: NetName=GND Pin=U7-25
Added Pin To Net: NetName=GND Pin=U8-5
Added Pin To Net: NetName=GND Pin=U8-16
Added Pin To Net: NetName=GND Pin=U8-20
Added Pin To Net: NetName=GND Pin=U8-21
Added Pin To Net: NetName=GND Pin=U8-25
Added Pin To Net: NetName=GND Pin=U9-1
Added Pin To Net: NetName=GND Pin=U9-4
Added Pin To Net: NetName=GND Pin=U9-7
Added Pin To Net: NetName=GND Pin=U9-10
Added Pin To Net: NetName=GND Pin=U9-13
Change Net Name : Old Net Name=VM New Net Name=VCCBAT
