Added Component: Designator=TR_POWER1(MPSxxVV10,1模块贴片封装)
Added Component: Designator=transer_1(MPSxxVV10,1模块贴片封装)
Added Component: Designator=transer_2(MPSxxVV10,1模块贴片封装)
Added Component: Designator=transer_3(MPSxxVV10,1模块贴片封装)
Added Component: Designator=Transer_4(MTxxVV10模块贴片封装)
Added Pin To Net: NetName=VCC_OUT Pin=TR_POWER1-1
Added Pin To Net: NetName=VCC_OUT Pin=TR_POWER1-2
Added Pin To Net: NetName=GND Pin=TR_POWER1-3
Added Pin To Net: NetName=GND Pin=TR_POWER1-4
Added Pin To Net: NetName=GND Pin=TR_POWER1-5
Added Pin To Net: NetName=GND Pin=TR_POWER1-6
Added Pin To Net: NetName=VCCBAT Pin=TR_POWER1-7
Added Pin To Net: NetName=VCCBAT Pin=TR_POWER1-8
Added Pin To Net: NetName=Servo_VCC_1 Pin=transer_1-1
Added Pin To Net: NetName=Servo_VCC_1 Pin=transer_1-2
Added Pin To Net: NetName=GND Pin=transer_1-3
Added Pin To Net: NetName=GND Pin=transer_1-4
Added Pin To Net: NetName=GND Pin=transer_1-5
Added Pin To Net: NetName=GND Pin=transer_1-6
Added Pin To Net: NetName=VCCBAT Pin=transer_1-7
Added Pin To Net: NetName=VCCBAT Pin=transer_1-8
Added Pin To Net: NetName=Servo_VCC_2 Pin=transer_2-1
Added Pin To Net: NetName=Servo_VCC_2 Pin=transer_2-2
Added Pin To Net: NetName=GND Pin=transer_2-3
Added Pin To Net: NetName=GND Pin=transer_2-4
Added Pin To Net: NetName=GND Pin=transer_2-5
Added Pin To Net: NetName=GND Pin=transer_2-6
Added Pin To Net: NetName=VCCBAT Pin=transer_2-7
Added Pin To Net: NetName=VCCBAT Pin=transer_2-8
Added Pin To Net: NetName=Servo_VCC_3 Pin=transer_3-1
Added Pin To Net: NetName=Servo_VCC_3 Pin=transer_3-2
Added Pin To Net: NetName=GND Pin=transer_3-3
Added Pin To Net: NetName=GND Pin=transer_3-4
Added Pin To Net: NetName=GND Pin=transer_3-5
Added Pin To Net: NetName=GND Pin=transer_3-6
Added Pin To Net: NetName=VCCBAT Pin=transer_3-7
Added Pin To Net: NetName=VCCBAT Pin=transer_3-8
Added Pin To Net: NetName=VCCBAT Pin=Transer_4-1
Added Pin To Net: NetName=VCCBAT Pin=Transer_4-2
Added Pin To Net: NetName=GND Pin=Transer_4-3
Added Pin To Net: NetName=GND Pin=Transer_4-4
Added Pin To Net: NetName=GND Pin=Transer_4-4
Added Pin To Net: NetName=DCT_VCC_12 Pin=Transer_4-5
Added Pin To Net: NetName=DCT_VCC_12 Pin=Transer_4-5
Added Member To Class: ClassName=智能车主板 Member=Component TR_POWER1 MPSxxVV10,1
Added Member To Class: ClassName=智能车主板 Member=Component transer_1 MPSxxVV10,1
Added Member To Class: ClassName=智能车主板 Member=Component transer_2 MPSxxVV10,1
Added Member To Class: ClassName=智能车主板 Member=Component transer_3 MPSxxVV10,1
Added Member To Class: ClassName=智能车主板 Member=Component Transer_4 MTxxVV10
