Added Component: Designator=uart5(HDR1X4)
Add component (AddParameter): Name = "Add into BOM"; Value = "yes"; VariantName = "[No Variations]"
Add component (AddParameter): Name = "Circluar Pins/Square Pins"; Value = "方针"; VariantName = "[No Variations]"
Add component (AddParameter): Name = "Color"; Value = "黑色"; VariantName = "[No Variations]"
Add component (AddParameter): Name = "Contact Material"; Value = "-"; VariantName = "[No Variations]"
Add component (AddParameter): Name = "Convert to PCB"; Value = "yes"; VariantName = "[No Variations]"
Add component (AddParameter): Name = "Current Rating (Max)"; Value = "3A"; VariantName = "[No Variations]"
Add component (AddParameter): Name = "Datasheet"; Value = "https://atta.szlcsc.com/upload/public/pdf/source/20200309/C492403_F9F19131791D08044AD4F84F8E751A34.pdf"; VariantName = "[No Variations]"
Add component (AddParameter): Name = "Device"; Value = "PZ254V-11-04P"; VariantName = "[No Variations]"
Add component (AddParameter): Name = "Insulation Height"; Value = "2.5mm"; VariantName = "[No Variations]"
Add component (AddParameter): Name = "JLCPCB Part Class"; Value = "Extended Part"; VariantName = "[No Variations]"
Add component (AddParameter): Name = "LCSC Part Name"; Value = "2.54mm 1x4P 直插 方针"; VariantName = "[No Variations]"
Add component (AddParameter): Name = "Length of End Connection Pin"; Value = "3mm"; VariantName = "[No Variations]"
Add component (AddParameter): Name = "Length of Mating Pin"; Value = "6mm"; VariantName = "[No Variations]"
Add component (AddParameter): Name = "Manufacturer"; Value = "XFCN(兴飞)"; VariantName = "[No Variations]"
Add component (AddParameter): Name = "Manufacturer Part"; Value = "PZ254V-11-04P"; VariantName = "[No Variations]"
Add component (AddParameter): Name = "Mounting Type"; Value = "直插"; VariantName = "[No Variations]"
Add component (AddParameter): Name = "Name"; Value = "PZ254V-11-04P"; VariantName = "[No Variations]"
Add component (AddParameter): Name = "Number of Pins"; Value = "4P"; VariantName = "[No Variations]"
Add component (AddParameter): Name = "Number of Rows"; Value = "单排"; VariantName = "[No Variations]"
Add component (AddParameter): Name = "Operating Temperature Range"; Value = "-40℃~+105℃"; VariantName = "[No Variations]"
Add component (AddParameter): Name = "Pin Structure"; Value = "1x4P"; VariantName = "[No Variations]"
Add component (AddParameter): Name = "Pitch"; Value = "2.54mm"; VariantName = "[No Variations]"
Add component (AddParameter): Name = "Row Spacing"; Value = "-"; VariantName = "[No Variations]"
Add component (AddParameter): Name = "Supplier"; Value = "LCSC"; VariantName = "[No Variations]"
Add component (AddParameter): Name = "Supplier Footprint"; Value = "插件,P=2.54mm"; VariantName = "[No Variations]"
Add component (AddParameter): Name = "Supplier Part"; Value = "C2691448"; VariantName = "[No Variations]"
Add component (AddParameter): Name = "Symbol"; Value = "PZ254V-11-04P_C2691448"; VariantName = "[No Variations]"
Add component (AddParameter): Name = "Voltage Rating (Max)"; Value = "250V"; VariantName = "[No Variations]"
Added Pin To Net: NetName=VCC_5V_EXT Pin=uart5-1
Added Pin To Net: NetName=GND Pin=uart5-2
Added Pin To Net: NetName=C29 Pin=uart5-3
Added Pin To Net: NetName=C28 Pin=uart5-4
Added Member To Class: ClassName=智能车主板 Member=Component uart5
