Added Component: Designator=B1(BEEP 9x5.5mm)
Add component (AddParameter): Name = "BOM名称"; Value = "蜂鸣器"; VariantName = "[No Variations]"
Add component (AddParameter): Name = "学习资源"; Value = "www.ooocke.com"; VariantName = "[No Variations]"
Add component (AddParameter): Name = "版权归属"; Value = "源创客"; VariantName = "[No Variations]"
Added Component: Designator=C7(0603C)
Add component (AddParameter): Name = "BOM名称"; Value = "无极性贴片电容"; VariantName = "[No Variations]"
Add component (AddParameter): Name = "学习资源"; Value = "www.ooocke.com"; VariantName = "[No Variations]"
Add component (AddParameter): Name = "材质"; Value = "X7R"; VariantName = "[No Variations]"
Add component (AddParameter): Name = "版权归属"; Value = "源创客"; VariantName = "[No Variations]"
Added Component: Designator=C8(0603C)
Add component (AddParameter): Name = "BOM名称"; Value = "无极性贴片电容"; VariantName = "[No Variations]"
Add component (AddParameter): Name = "学习资源"; Value = "www.ooocke.com"; VariantName = "[No Variations]"
Add component (AddParameter): Name = "材质"; Value = "X7R"; VariantName = "[No Variations]"
Add component (AddParameter): Name = "版权归属"; Value = "源创客"; VariantName = "[No Variations]"
Added Component: Designator=C12(0603C)
Add component (AddParameter): Name = "BOM名称"; Value = "无极性贴片电容"; VariantName = "[No Variations]"
Add component (AddParameter): Name = "学习资源"; Value = "www.ooocke.com"; VariantName = "[No Variations]"
Add component (AddParameter): Name = "材质"; Value = "X7R"; VariantName = "[No Variations]"
Add component (AddParameter): Name = "版权归属"; Value = "源创客"; VariantName = "[No Variations]"
Added Component: Designator=C13(1206C)
Add component (AddParameter): Name = "BOM名称"; Value = "无极性贴片电容"; VariantName = "[No Variations]"
Add component (AddParameter): Name = "学习资源"; Value = "www.ooocke.com"; VariantName = "[No Variations]"
Add component (AddParameter): Name = "材质"; Value = "X7R"; VariantName = "[No Variations]"
Add component (AddParameter): Name = "版权归属"; Value = "源创客"; VariantName = "[No Variations]"
Added Component: Designator=C14(220uF 25V贴片水解电容)
Add component (AddParameter): Name = "BOM名称"; Value = "贴片钽电容"; VariantName = "[No Variations]"
Add component (AddParameter): Name = "淘宝ID"; Value = "封装库来自淘宝 ID：黄晶宝石"; VariantName = "[No Variations]"
Add component (AddParameter): Name = "联系售后"; Value = "https://shop463601444.taobao.com"; VariantName = "[No Variations]"
Added Component: Designator=C15(220uF 25V贴片水解电容)
Add component (AddParameter): Name = "BOM名称"; Value = "贴片钽电容"; VariantName = "[No Variations]"
Add component (AddParameter): Name = "淘宝ID"; Value = "封装库来自淘宝 ID：黄晶宝石"; VariantName = "[No Variations]"
Add component (AddParameter): Name = "联系售后"; Value = "https://shop463601444.taobao.com"; VariantName = "[No Variations]"
Added Component: Designator=C16(1206C)
Add component (AddParameter): Name = "BOM名称"; Value = "无极性贴片电容"; VariantName = "[No Variations]"
Add component (AddParameter): Name = "学习资源"; Value = "www.ooocke.com"; VariantName = "[No Variations]"
Add component (AddParameter): Name = "材质"; Value = "X7R"; VariantName = "[No Variations]"
Add component (AddParameter): Name = "版权归属"; Value = "源创客"; VariantName = "[No Variations]"
Added Component: Designator=C17(0603C)
Add component (AddParameter): Name = "BOM名称"; Value = "无极性贴片电容"; VariantName = "[No Variations]"
Add component (AddParameter): Name = "学习资源"; Value = "www.ooocke.com"; VariantName = "[No Variations]"
Add component (AddParameter): Name = "材质"; Value = "X7R"; VariantName = "[No Variations]"
Add component (AddParameter): Name = "版权归属"; Value = "源创客"; VariantName = "[No Variations]"
Added Component: Designator=C18(钽电容)
Add component (AddParameter): Name = "BOM名称"; Value = "贴片钽电容"; VariantName = "[No Variations]"
Add component (AddParameter): Name = "淘宝ID"; Value = "封装库来自淘宝 ID：黄晶宝石"; VariantName = "[No Variations]"
Add component (AddParameter): Name = "联系售后"; Value = "https://shop463601444.taobao.com"; VariantName = "[No Variations]"
Added Component: Designator=C20(0603C)
Add component (AddParameter): Name = "BOM名称"; Value = "无极性贴片电容"; VariantName = "[No Variations]"
Add component (AddParameter): Name = "学习资源"; Value = "www.ooocke.com"; VariantName = "[No Variations]"
Add component (AddParameter): Name = "材质"; Value = "X7R"; VariantName = "[No Variations]"
Add component (AddParameter): Name = "版权归属"; Value = "源创客"; VariantName = "[No Variations]"
Added Component: Designator=C24(1206C)
Add component (AddParameter): Name = "BOM名称"; Value = "无极性贴片电容"; VariantName = "[No Variations]"
Add component (AddParameter): Name = "学习资源"; Value = "www.ooocke.com"; VariantName = "[No Variations]"
Add component (AddParameter): Name = "材质"; Value = "X7R"; VariantName = "[No Variations]"
Add component (AddParameter): Name = "版权归属"; Value = "源创客"; VariantName = "[No Variations]"
Added Component: Designator=D1(SOD123)
Add component (AddParameter): Name = "BOM_JLCPCB Part Class"; Value = "Extended Part"; VariantName = "[No Variations]"
Add component (AddParameter): Name = "BOM_Manufacturer"; Value = "Shandong Jingdao Microelectronics"; VariantName = "[No Variations]"
Add component (AddParameter): Name = "BOM_Manufacturer Part"; Value = "BZT52C16"; VariantName = "[No Variations]"
Add component (AddParameter): Name = "BOM_Supplier"; Value = "LCSC"; VariantName = "[No Variations]"
Add component (AddParameter): Name = "BOM_Supplier Part"; Value = "C353554"; VariantName = "[No Variations]"
Add component (AddParameter): Name = "Contributor"; Value = "LCSC"; VariantName = "[No Variations]"
Add component (AddParameter): Name = "spicePre"; Value = "D"; VariantName = "[No Variations]"
Add component (AddParameter): Name = "spiceSymbolName"; Value = "BZT52C16_C353554"; VariantName = "[No Variations]"
Added Component: Designator=D3(SMB)
Add component (AddParameter): Name = "BOM_JLCPCB Part Class"; Value = "Extended Part"; VariantName = "[No Variations]"
Add component (AddParameter): Name = "BOM_Manufacturer"; Value = "Slkor(SLKORMICRO Elec.)"; VariantName = "[No Variations]"
Add component (AddParameter): Name = "BOM_Manufacturer Part"; Value = "SS54"; VariantName = "[No Variations]"
Add component (AddParameter): Name = "BOM_Supplier"; Value = "LCSC"; VariantName = "[No Variations]"
Add component (AddParameter): Name = "BOM_Supplier Part"; Value = "C513478"; VariantName = "[No Variations]"
Add component (AddParameter): Name = "Contributor"; Value = "LCSC"; VariantName = "[No Variations]"
Add component (AddParameter): Name = "spicePre"; Value = "D"; VariantName = "[No Variations]"
Add component (AddParameter): Name = "spiceSymbolName"; Value = "SS54_C513478"; VariantName = "[No Variations]"
Added Component: Designator=L2(IND-SMD_L7.8-W7.0_MAPM0630F)
Added Component: Designator=LED2(0603D)
Add component (AddParameter): Name = "BOM名称"; Value = "5mm插件LED"; VariantName = "[No Variations]"
Add component (AddParameter): Name = "学习资源"; Value = "www.ooocke.com"; VariantName = "[No Variations]"
Add component (AddParameter): Name = "版权归属"; Value = "源创客"; VariantName = "[No Variations]"
Added Component: Designator=LED3(0603D)
Add component (AddParameter): Name = "BOM名称"; Value = "5mm插件LED"; VariantName = "[No Variations]"
Add component (AddParameter): Name = "学习资源"; Value = "www.ooocke.com"; VariantName = "[No Variations]"
Add component (AddParameter): Name = "版权归属"; Value = "源创客"; VariantName = "[No Variations]"
Added Component: Designator=LED6(0603D)
Add component (AddParameter): Name = "BOM名称"; Value = "5mm插件LED"; VariantName = "[No Variations]"
Add component (AddParameter): Name = "学习资源"; Value = "www.ooocke.com"; VariantName = "[No Variations]"
Add component (AddParameter): Name = "版权归属"; Value = "源创客"; VariantName = "[No Variations]"
Added Component: Designator=P3(HDR1X8)
Added Component: Designator=P4(HDR2X8)
Added Component: Designator=P5(HDR1X4)
Added Component: Designator=P7(HDR-TH_8P-P2.54-V-F-R2-C4-S2.54-3)
Added Component: Designator=P8(HDR-SMD_6P-P2.54-V-M-R2-C3-S2.54-LS7.4)
Added Component: Designator=P9(HDR-SMD_6P-P2.54-V-M-R2-C3-S2.54-LS7.4)
Added Component: Designator=P10(HDR-SMD_6P-P2.54-V-M-R2-C3-S2.54-LS7.4)
Added Component: Designator=P11(HDR-SMD_6P-P2.54-V-M-R2-C3-S2.54-LS7.4)
Added Component: Designator=P12(HDR-SMD_6P-P2.54-V-M-R2-C3-S2.54-LS7.4)
Added Component: Designator=P13(HDR-SMD_6P-P2.54-V-M-R2-C3-S2.54-LS7.4)
Added Component: Designator=P18(HDR1X4)
Added Component: Designator=P19(KF/WJ/DG 301-2p-5.0mm)
Added Component: Designator=P20(KF/WJ/DG 301-2p-5.0mm)
Added Component: Designator=P21(HDR1X4)
Added Component: Designator=P22(HDR1X4)
Added Component: Designator=Q1(TO-252AA)
Add component (AddParameter): Name = "BOM_JLCPCB Part Class"; Value = "Extended Part"; VariantName = "[No Variations]"
Add component (AddParameter): Name = "BOM_Manufacturer"; Value = "HuaYi Microelectronics"; VariantName = "[No Variations]"
Add component (AddParameter): Name = "BOM_Manufacturer Part"; Value = "HY19P03B"; VariantName = "[No Variations]"
Add component (AddParameter): Name = "BOM_Supplier"; Value = "LCSC"; VariantName = "[No Variations]"
Add component (AddParameter): Name = "BOM_Supplier Part"; Value = "C410273"; VariantName = "[No Variations]"
Add component (AddParameter): Name = "Contributor"; Value = "LCSC"; VariantName = "[No Variations]"
Add component (AddParameter): Name = "spicePre"; Value = "Q"; VariantName = "[No Variations]"
Add component (AddParameter): Name = "spiceSymbolName"; Value = "HY19P03B_C410273"; VariantName = "[No Variations]"
Added Component: Designator=Q2(SOT-23)
Add component (AddParameter): Name = "BOM名称"; Value = "高频放大-NPN型"; VariantName = "[No Variations]"
Add component (AddParameter): Name = "属性"; Value = "40V 1.5A 1W 100MHZ"; VariantName = "[No Variations]"
Add component (AddParameter): Name = "技术支持，联系售后"; Value = "https://shop463601444.taobao.com"; VariantName = "[No Variations]"
Add component (AddParameter): Name = "版权归属"; Value = "封装库来自淘宝 ID：黄晶宝石"; VariantName = "[No Variations]"
Added Component: Designator=R2(0603R)
Added Component: Designator=R8(0603R)
Added Component: Designator=R9(0805R)
Added Component: Designator=R10(0805R)
Added Component: Designator=R11(0603R)
Added Component: Designator=R12(0603R)
Added Component: Designator=R13(0603R)
Added Component: Designator=R14(0603R)
Added Component: Designator=R17(0603R)
Added Component: Designator=R20(0603R)
Added Component: Designator=R21(0603R)
Added Component: Designator=R22(0603R)
Added Component: Designator=R23(0603R)
Added Component: Designator=R24(0603R)
Added Component: Designator=R25(0603R)
Added Component: Designator=R26(0603R)
Added Component: Designator=R27(0603R)
Added Component: Designator=R28(0603R)
Added Component: Designator=R29(0603R)
Added Component: Designator=R30(0603R)
Added Component: Designator=R31(0603R)
Added Component: Designator=R32(0805R)
Added Component: Designator=R33(0603R)
Added Component: Designator=R34(0603R)
Added Component: Designator=R35(0603R)
Added Component: Designator=R37(0603R)
Added Component: Designator=R38(0603R)
Added Component: Designator=R39(0603R)
Added Component: Designator=S1(SW-TH_KF1001-02P-R0-FL-ON-01B)
Add component (AddParameter): Name = "BOM名称"; Value = "2路编码开关"; VariantName = "[No Variations]"
Add component (AddParameter): Name = "学习资源"; Value = "www.ooocke.com"; VariantName = "[No Variations]"
Add component (AddParameter): Name = "版权归属"; Value = "源创客"; VariantName = "[No Variations]"
Added Component: Designator=S2(KEY-SMD_4P-L6.0-W6.0-P3.90-LS9.0)
Add component (AddParameter): Name = "BOM名称"; Value = "2脚轻触开关"; VariantName = "[No Variations]"
Add component (AddParameter): Name = "学习资源"; Value = "www.ooocke.com"; VariantName = "[No Variations]"
Add component (AddParameter): Name = "版权归属"; Value = "源创客"; VariantName = "[No Variations]"
Added Component: Designator=S3(KEY-SMD_4P-L6.0-W6.0-P3.90-LS9.0)
Add component (AddParameter): Name = "BOM名称"; Value = "2脚轻触开关"; VariantName = "[No Variations]"
Add component (AddParameter): Name = "学习资源"; Value = "www.ooocke.com"; VariantName = "[No Variations]"
Add component (AddParameter): Name = "版权归属"; Value = "源创客"; VariantName = "[No Variations]"
Added Component: Designator=S4(KEY-SMD_4P-L6.0-W6.0-P3.90-LS9.0)
Add component (AddParameter): Name = "BOM名称"; Value = "2脚轻触开关"; VariantName = "[No Variations]"
Add component (AddParameter): Name = "学习资源"; Value = "www.ooocke.com"; VariantName = "[No Variations]"
Add component (AddParameter): Name = "版权归属"; Value = "源创客"; VariantName = "[No Variations]"
Added Component: Designator=S5(KEY-SMD_4P-L6.0-W6.0-P3.90-LS9.0)
Add component (AddParameter): Name = "BOM名称"; Value = "2脚轻触开关"; VariantName = "[No Variations]"
Add component (AddParameter): Name = "学习资源"; Value = "www.ooocke.com"; VariantName = "[No Variations]"
Add component (AddParameter): Name = "版权归属"; Value = "源创客"; VariantName = "[No Variations]"
Added Component: Designator=S6(SW-TH_SS-12D10L9)
Add component (AddParameter): Name = "BOM名称"; Value = "MTS10x系列3脚扭子开关"; VariantName = "[No Variations]"
Add component (AddParameter): Name = "学习资源"; Value = "www.ooocke.com"; VariantName = "[No Variations]"
Add component (AddParameter): Name = "版权归属"; Value = "源创客"; VariantName = "[No Variations]"
Added Component: Designator=T1(Wired T-Header ThroughHole)
Added Component: Designator=U1(MIMXRT1064xVL_CoreBoard)
Added Component: Designator=U3(ESOP-8_L4.9-W3.9-P1.27-LS6.0-BL-EP)
Add component (AddParameter): Name = "BOM_JLCPCB Part Class"; Value = "Extended Part"; VariantName = "[No Variations]"
Add component (AddParameter): Name = "BOM_Manufacturer"; Value = "SCT(芯洲科技)"; VariantName = "[No Variations]"
Add component (AddParameter): Name = "BOM_Manufacturer Part"; Value = "SCT2450CSTER"; VariantName = "[No Variations]"
Add component (AddParameter): Name = "BOM_Supplier"; Value = "LCSC"; VariantName = "[No Variations]"
Add component (AddParameter): Name = "BOM_Supplier Part"; Value = "C2830168"; VariantName = "[No Variations]"
Add component (AddParameter): Name = "Contributor"; Value = "LCSC"; VariantName = "[No Variations]"
Add component (AddParameter): Name = "spicePre"; Value = "U"; VariantName = "[No Variations]"
Add component (AddParameter): Name = "spiceSymbolName"; Value = "SCT2450CSTER"; VariantName = "[No Variations]"
Added Component: Designator=U4(SOT23-5)
Add component (AddParameter): Name = "BOM_JLCPCB Part Class"; Value = "Extended Part"; VariantName = "[No Variations]"
Add component (AddParameter): Name = "BOM_Manufacturer"; Value = "RICHTEK"; VariantName = "[No Variations]"
Add component (AddParameter): Name = "BOM_Manufacturer Part"; Value = "RT9013-33GB"; VariantName = "[No Variations]"
Add component (AddParameter): Name = "BOM_Supplier"; Value = "LCSC"; VariantName = "[No Variations]"
Add component (AddParameter): Name = "BOM_Supplier Part"; Value = "C47773"; VariantName = "[No Variations]"
Add component (AddParameter): Name = "spicePre"; Value = "U"; VariantName = "[No Variations]"
Add component (AddParameter): Name = "spiceSymbolName"; Value = "RT9013-33GB"; VariantName = "[No Variations]"
Added Component: Designator=U7(SOT23-5)
Add component (AddParameter): Name = "BOM_Manufacturer"; Value = "RYCHiP(蕊源)"; VariantName = "[No Variations]"
Add component (AddParameter): Name = "BOM_Manufacturer Part"; Value = "RY2121"; VariantName = "[No Variations]"
Add component (AddParameter): Name = "BOM_Supplier"; Value = "LCSC"; VariantName = "[No Variations]"
Add component (AddParameter): Name = "BOM_Supplier Part"; Value = "C2887853"; VariantName = "[No Variations]"
Add component (AddParameter): Name = "Contributor"; Value = "LCSC"; VariantName = "[No Variations]"
Add component (AddParameter): Name = "spicePre"; Value = "U"; VariantName = "[No Variations]"
Add component (AddParameter): Name = "spiceSymbolName"; Value = "RY2121"; VariantName = "[No Variations]"
Added Pin To Net: NetName=NetB1_1 Pin=B1-1
Added Pin To Net: NetName=NetB1_2 Pin=B1-2
Added Pin To Net: NetName=GND Pin=C7-1
Added Pin To Net: NetName=VCC_5V Pin=C7-2
Added Pin To Net: NetName=GND Pin=C8-1
Added Pin To Net: NetName=3V3 Pin=C8-2
Added Pin To Net: NetName=NetC12_1 Pin=C12-1
Added Pin To Net: NetName=NetC12_2 Pin=C12-2
Added Pin To Net: NetName=GND Pin=C13-1
Added Pin To Net: NetName=VCC_5V Pin=C13-2
Added Pin To Net: NetName=VCC_5V Pin=C14-1
Added Pin To Net: NetName=GND Pin=C14-2
Added Pin To Net: NetName=NetC15_1 Pin=C15-1
Added Pin To Net: NetName=GND Pin=C15-2
Added Pin To Net: NetName=GND Pin=C16-1
Added Pin To Net: NetName=NetC15_1 Pin=C16-2
Added Pin To Net: NetName=GND Pin=C17-1
Added Pin To Net: NetName=NetC15_1 Pin=C17-2
Added Pin To Net: NetName=3V3 Pin=C18-1
Added Pin To Net: NetName=GND Pin=C18-2
Added Pin To Net: NetName=GND Pin=C20-1
Added Pin To Net: NetName=NetC20_2 Pin=C20-2
Added Pin To Net: NetName=GND Pin=C24-1
Added Pin To Net: NetName=VCC_5V Pin=C24-2
Added Pin To Net: NetName=NetD1_1 Pin=D1-1
Added Pin To Net: NetName=NetD1_2 Pin=D1-2
Added Pin To Net: NetName=VCCBAT Pin=D3-1
Added Pin To Net: NetName=NetC15_1 Pin=D3-2
Added Pin To Net: NetName=NetC12_1 Pin=L2-1
Added Pin To Net: NetName=VCC_5V Pin=L2-2
Added Pin To Net: NetName=NetLED2_1 Pin=LED2-1
Added Pin To Net: NetName=GND Pin=LED2-2
Added Pin To Net: NetName=NetLED3_1 Pin=LED3-1
Added Pin To Net: NetName=GND Pin=LED3-2
Added Pin To Net: NetName=NetLED6_1 Pin=LED6-1
Added Pin To Net: NetName=GND Pin=LED6-2
Added Pin To Net: NetName=3V3 Pin=P3-1
Added Pin To Net: NetName=GND Pin=P3-2
Added Pin To Net: NetName=C23 Pin=P3-3
Added Pin To Net: NetName=C22 Pin=P3-4
Added Pin To Net: NetName=C21 Pin=P3-5
Added Pin To Net: NetName=C20 Pin=P3-6
Added Pin To Net: NetName=B16 Pin=P4-1
Added Pin To Net: NetName=GND Pin=P4-2
Added Pin To Net: NetName=B17 Pin=P4-3
Added Pin To Net: NetName=3V3 Pin=P4-4
Added Pin To Net: NetName=B18 Pin=P4-5
Added Pin To Net: NetName=B0 Pin=P4-6
Added Pin To Net: NetName=B19 Pin=P4-7
Added Pin To Net: NetName=B1 Pin=P4-8
Added Pin To Net: NetName=D12 Pin=P4-9
Added Pin To Net: NetName=B2 Pin=P4-10
Added Pin To Net: NetName=D13 Pin=P4-11
Added Pin To Net: NetName=C19 Pin=P4-12
Added Pin To Net: NetName=D14 Pin=P4-13
Added Pin To Net: NetName=B3 Pin=P4-14
Added Pin To Net: NetName=D15 Pin=P4-15
Added Pin To Net: NetName=C18 Pin=P4-16
Added Pin To Net: NetName=VCC_5V_EXT Pin=P5-1
Added Pin To Net: NetName=GND Pin=P5-2
Added Pin To Net: NetName=B13 Pin=P5-3
Added Pin To Net: NetName=B12 Pin=P5-4
Added Pin To Net: NetName=D16 Pin=P7-1
Added Pin To Net: NetName=D17 Pin=P7-3
Added Pin To Net: NetName=D26 Pin=P7-4
Added Pin To Net: NetName=GND Pin=P7-5
Added Pin To Net: NetName=GND Pin=P7-6
Added Pin To Net: NetName=VCC_5V_EXT Pin=P7-7
Added Pin To Net: NetName=NetP8_1 Pin=P8-1
Added Pin To Net: NetName=NetP8_2 Pin=P8-2
Added Pin To Net: NetName=GND Pin=P8-3
Added Pin To Net: NetName=GND Pin=P8-4
Added Pin To Net: NetName=NetP9_1 Pin=P9-1
Added Pin To Net: NetName=NetP9_2 Pin=P9-2
Added Pin To Net: NetName=GND Pin=P9-3
Added Pin To Net: NetName=GND Pin=P9-4
Added Pin To Net: NetName=GND Pin=P10-1
Added Pin To Net: NetName=3V3 Pin=P10-2
Added Pin To Net: NetName=B18 Pin=P10-3
Added Pin To Net: NetName=B19 Pin=P10-4
Added Pin To Net: NetName=GND Pin=P11-1
Added Pin To Net: NetName=3V3 Pin=P11-2
Added Pin To Net: NetName=C3 Pin=P11-3
Added Pin To Net: NetName=C25 Pin=P11-4
Added Pin To Net: NetName=GND Pin=P12-1
Added Pin To Net: NetName=3V3 Pin=P12-2
Added Pin To Net: NetName=C2 Pin=P12-3
Added Pin To Net: NetName=C24 Pin=P12-4
Added Pin To Net: NetName=GND Pin=P13-1
Added Pin To Net: NetName=3V3 Pin=P13-2
Added Pin To Net: NetName=C0 Pin=P13-3
Added Pin To Net: NetName=C1 Pin=P13-4
Added Pin To Net: NetName=VCC_5V_EXT Pin=P18-1
Added Pin To Net: NetName=GND Pin=P18-2
Added Pin To Net: NetName=C17 Pin=P18-3
Added Pin To Net: NetName=C16 Pin=P18-4
Added Pin To Net: NetName=VCCBAT Pin=P19-1
Added Pin To Net: NetName=GND Pin=P19-2
Added Pin To Net: NetName=VCCBAT Pin=P20-1
Added Pin To Net: NetName=GND Pin=P20-2
Added Pin To Net: NetName=VCC_5V_EXT Pin=P21-1
Added Pin To Net: NetName=GND Pin=P21-2
Added Pin To Net: NetName=C9 Pin=P21-3
Added Pin To Net: NetName=C8 Pin=P21-4
Added Pin To Net: NetName=VCC_5V_EXT Pin=P22-1
Added Pin To Net: NetName=GND Pin=P22-2
Added Pin To Net: NetName=C29 Pin=P22-3
Added Pin To Net: NetName=C28 Pin=P22-4
Added Pin To Net: NetName=NetQ1_1 Pin=Q1-1
Added Pin To Net: NetName=NetD1_1 Pin=Q1-3
Added Pin To Net: NetName=GND Pin=Q2-1
Added Pin To Net: NetName=NetB1_2 Pin=Q2-3
Added Pin To Net: NetName=NetD1_2 Pin=R2-1
Added Pin To Net: NetName=GND Pin=R2-2
Added Pin To Net: NetName=VCC_5V Pin=R8-1
Added Pin To Net: NetName=NetR8_2 Pin=R8-2
Added Pin To Net: NetName=NetR8_2 Pin=R9-1
Added Pin To Net: NetName=NetR9_2 Pin=R9-2
Added Pin To Net: NetName=NetR10_1 Pin=R10-1
Added Pin To Net: NetName=NetC20_2 Pin=R10-2
Added Pin To Net: NetName=NetR11_1 Pin=R11-1
Added Pin To Net: NetName=GND Pin=R11-2
Added Pin To Net: NetName=NetR9_2 Pin=R12-1
Added Pin To Net: NetName=GND Pin=R12-2
Added Pin To Net: NetName=NetLED3_1 Pin=R13-1
Added Pin To Net: NetName=3V3 Pin=R13-2
Added Pin To Net: NetName=NetR14_1 Pin=R14-1
Added Pin To Net: NetName=D4 Pin=R14-2
Added Pin To Net: NetName=3V3 Pin=R17-1
Added Pin To Net: NetName=NetB1_1 Pin=R17-2
Added Pin To Net: NetName=NetR20_1 Pin=R20-1
Added Pin To Net: NetName=D27 Pin=R20-2
Added Pin To Net: NetName=NetR21_1 Pin=R21-1
Added Pin To Net: NetName=C31 Pin=R21-2
Added Pin To Net: NetName=D2 Pin=R22-1
Added Pin To Net: NetName=NetP8_2 Pin=R22-2
Added Pin To Net: NetName=D0 Pin=R23-2
Added Pin To Net: NetName=D3 Pin=R24-1
Added Pin To Net: NetName=NetP8_1 Pin=R24-2
Added Pin To Net: NetName=D1 Pin=R25-2
Added Pin To Net: NetName=D14 Pin=R26-1
Added Pin To Net: NetName=NetP9_2 Pin=R26-2
Added Pin To Net: NetName=D12 Pin=R27-2
Added Pin To Net: NetName=D15 Pin=R28-1
Added Pin To Net: NetName=NetP9_1 Pin=R28-2
Added Pin To Net: NetName=D13 Pin=R29-2
Added Pin To Net: NetName=NetR30_1 Pin=R30-1
Added Pin To Net: NetName=C27 Pin=R30-2
Added Pin To Net: NetName=NetR31_1 Pin=R31-1
Added Pin To Net: NetName=C26 Pin=R31-2
Added Pin To Net: NetName=C4 Pin=R32-1
Added Pin To Net: NetName=3V3 Pin=R32-2
Added Pin To Net: NetName=NetR33_1 Pin=R33-1
Added Pin To Net: NetName=C4 Pin=R33-2
Added Pin To Net: NetName=B11 Pin=R34-1
Added Pin To Net: NetName=B11 Pin=R35-1
Added Pin To Net: NetName=GND Pin=R35-2
Added Pin To Net: NetName=NetLED2_1 Pin=R37-1
Added Pin To Net: NetName=VCC_5V Pin=R37-2
Added Pin To Net: NetName=NetR38_1 Pin=R38-1
Added Pin To Net: NetName=GND Pin=R38-2
Added Pin To Net: NetName=NetLED6_1 Pin=R39-1
Added Pin To Net: NetName=VCC_5V_EXT Pin=R39-2
Added Pin To Net: NetName=NetR14_1 Pin=S1-1
Added Pin To Net: NetName=NetR20_1 Pin=S1-2
Added Pin To Net: NetName=GND Pin=S1-3
Added Pin To Net: NetName=GND Pin=S1-4
Added Pin To Net: NetName=NetR21_1 Pin=S2-1
Added Pin To Net: NetName=GND Pin=S2-2
Added Pin To Net: NetName=NetR30_1 Pin=S3-1
Added Pin To Net: NetName=GND Pin=S3-2
Added Pin To Net: NetName=NetR31_1 Pin=S4-1
Added Pin To Net: NetName=GND Pin=S4-2
Added Pin To Net: NetName=NetR33_1 Pin=S5-1
Added Pin To Net: NetName=GND Pin=S5-2
Added Pin To Net: NetName=NetD1_2 Pin=S6-1
Added Pin To Net: NetName=NetQ1_1 Pin=S6-2
Added Pin To Net: NetName=NetD1_1 Pin=S6-3
Added Pin To Net: NetName=NetD1_1 Pin=T1-1
Added Pin To Net: NetName=GND Pin=T1-2
Added Pin To Net: NetName=GND Pin=U1-1
Added Pin To Net: NetName=GND Pin=U1-2
Added Pin To Net: NetName=VCC_5V Pin=U1-5
Added Pin To Net: NetName=VCC_5V Pin=U1-6
Added Pin To Net: NetName=CR Pin=U1-9
Added Pin To Net: NetName=D4 Pin=U1-10
Added Pin To Net: NetName=D3 Pin=U1-11
Added Pin To Net: NetName=D2 Pin=U1-12
Added Pin To Net: NetName=D1 Pin=U1-13
Added Pin To Net: NetName=D0 Pin=U1-14
Added Pin To Net: NetName=D12 Pin=U1-15
Added Pin To Net: NetName=D13 Pin=U1-16
Added Pin To Net: NetName=D14 Pin=U1-17
Added Pin To Net: NetName=D15 Pin=U1-18
Added Pin To Net: NetName=D16 Pin=U1-19
Added Pin To Net: NetName=D17 Pin=U1-20
Added Pin To Net: NetName=B0 Pin=U1-23
Added Pin To Net: NetName=B1 Pin=U1-24
Added Pin To Net: NetName=B2 Pin=U1-25
Added Pin To Net: NetName=B3 Pin=U1-26
Added Pin To Net: NetName=B13 Pin=U1-27
Added Pin To Net: NetName=B12 Pin=U1-29
Added Pin To Net: NetName=B17 Pin=U1-31
Added Pin To Net: NetName=B16 Pin=U1-32
Added Pin To Net: NetName=B19 Pin=U1-33
Added Pin To Net: NetName=B18 Pin=U1-34
Added Pin To Net: NetName=B11 Pin=U1-47
Added Pin To Net: NetName=C31 Pin=U1-50
Added Pin To Net: NetName=C29 Pin=U1-51
Added Pin To Net: NetName=C27 Pin=U1-53
Added Pin To Net: NetName=C28 Pin=U1-54
Added Pin To Net: NetName=C25 Pin=U1-55
Added Pin To Net: NetName=C26 Pin=U1-56
Added Pin To Net: NetName=C23 Pin=U1-57
Added Pin To Net: NetName=C24 Pin=U1-58
Added Pin To Net: NetName=C21 Pin=U1-59
Added Pin To Net: NetName=C22 Pin=U1-60
Added Pin To Net: NetName=C19 Pin=U1-61
Added Pin To Net: NetName=C20 Pin=U1-62
Added Pin To Net: NetName=C17 Pin=U1-63
Added Pin To Net: NetName=C18 Pin=U1-64
Added Pin To Net: NetName=C16 Pin=U1-66
Added Pin To Net: NetName=C9 Pin=U1-71
Added Pin To Net: NetName=C8 Pin=U1-74
Added Pin To Net: NetName=C3 Pin=U1-77
Added Pin To Net: NetName=C4 Pin=U1-78
Added Pin To Net: NetName=C1 Pin=U1-79
Added Pin To Net: NetName=C2 Pin=U1-80
Added Pin To Net: NetName=D27 Pin=U1-81
Added Pin To Net: NetName=C0 Pin=U1-82
Added Pin To Net: NetName=GND Pin=U1-83
Added Pin To Net: NetName=D26 Pin=U1-84
Added Pin To Net: NetName=GND Pin=U3-0
Added Pin To Net: NetName=NetC12_2 Pin=U3-1
Added Pin To Net: NetName=NetC15_1 Pin=U3-2
Added Pin To Net: NetName=NetC15_1 Pin=U3-3
Added Pin To Net: NetName=NetR11_1 Pin=U3-4
Added Pin To Net: NetName=NetR9_2 Pin=U3-5
Added Pin To Net: NetName=NetR10_1 Pin=U3-6
Added Pin To Net: NetName=GND Pin=U3-7
Added Pin To Net: NetName=NetC12_1 Pin=U3-8
Added Pin To Net: NetName=VCC_5V Pin=U4-1
Added Pin To Net: NetName=GND Pin=U4-2
Added Pin To Net: NetName=CR Pin=U4-3
Added Pin To Net: NetName=3V3 Pin=U4-5
Added Pin To Net: NetName=VCC_5V_EXT Pin=U7-1
Added Pin To Net: NetName=GND Pin=U7-2
Added Pin To Net: NetName=NetR38_1 Pin=U7-3
Added Pin To Net: NetName=CR Pin=U7-4
Added Pin To Net: NetName=VCC_5V Pin=U7-5
Added Pin To Net: NetName=NetP8_5 Pin=P8-5
Added Pin To Net: NetName=NetP8_5 Pin=R25-1
Added Net: Name=NetP8_5
Added Pin To Net: NetName=NetP8_6 Pin=P8-6
Added Pin To Net: NetName=NetP8_6 Pin=R23-1
Added Net: Name=NetP8_6
Added Pin To Net: NetName=NetP9_5 Pin=P9-5
Added Pin To Net: NetName=NetP9_5 Pin=R29-1
Added Net: Name=NetP9_5
Added Pin To Net: NetName=NetP9_6 Pin=P9-6
Added Pin To Net: NetName=NetP9_6 Pin=R27-1
Added Net: Name=NetP9_6
Added Pin To Net: NetName=NetQ2_2 Pin=Q2-2
Added Pin To Net: NetName=NetQ2_2 Pin=R34-2
Added Net: Name=NetQ2_2
Added Member To Class: ClassName=智能车主板 Member=Component B1 BEEP
Added Member To Class: ClassName=智能车主板 Member=Component C7 100nF
Added Member To Class: ClassName=智能车主板 Member=Component C8 100nF
Added Member To Class: ClassName=智能车主板 Member=Component C12 100nF
Added Member To Class: ClassName=智能车主板 Member=Component C13 47uF
Added Member To Class: ClassName=智能车主板 Member=Component C14 220uF
Added Member To Class: ClassName=智能车主板 Member=Component C15 220uF
Added Member To Class: ClassName=智能车主板 Member=Component C16 4.7uF
Added Member To Class: ClassName=智能车主板 Member=Component C17 100nF
Added Member To Class: ClassName=智能车主板 Member=Component C18 10uF
Added Member To Class: ClassName=智能车主板 Member=Component C20 4.7nF
Added Member To Class: ClassName=智能车主板 Member=Component C24 47uF
Added Member To Class: ClassName=智能车主板 Member=Component D1 BZT52C16
Added Member To Class: ClassName=智能车主板 Member=Component D3 SS54
Added Member To Class: ClassName=智能车主板 Member=Component L2 4.7uH
Added Member To Class: ClassName=智能车主板 Member=Component LED2 红色
Added Member To Class: ClassName=智能车主板 Member=Component LED3
Added Member To Class: ClassName=智能车主板 Member=Component LED6 红色
Added Member To Class: ClassName=智能车主板 Member=Component P3 Header 8
Added Member To Class: ClassName=智能车主板 Member=Component P4 Header 8X2
Added Member To Class: ClassName=智能车主板 Member=Component P5 Header 4
Added Member To Class: ClassName=智能车主板 Member=Component P7 Header 4X2
Added Member To Class: ClassName=智能车主板 Member=Component P8
Added Member To Class: ClassName=智能车主板 Member=Component P9
Added Member To Class: ClassName=智能车主板 Member=Component P10 编码器接口*4
Added Member To Class: ClassName=智能车主板 Member=Component P11 编码器接口*4
Added Member To Class: ClassName=智能车主板 Member=Component P12 编码器接口*4
Added Member To Class: ClassName=智能车主板 Member=Component P13 编码器接口*4
Added Member To Class: ClassName=智能车主板 Member=Component P18 Header 4
Added Member To Class: ClassName=智能车主板 Member=Component P19 电机驱动接口*2
Added Member To Class: ClassName=智能车主板 Member=Component P20 电机驱动接口*2
Added Member To Class: ClassName=智能车主板 Member=Component P21 Header 4
Added Member To Class: ClassName=智能车主板 Member=Component P22 Header 4
Added Member To Class: ClassName=智能车主板 Member=Component Q1 HY19P03
Added Member To Class: ClassName=智能车主板 Member=Component Q2 SS8050
Added Member To Class: ClassName=智能车主板 Member=Component R2 10K
Added Member To Class: ClassName=智能车主板 Member=Component R8 51K
Added Member To Class: ClassName=智能车主板 Member=Component R9 1.5K
Added Member To Class: ClassName=智能车主板 Member=Component R10 20K
Added Member To Class: ClassName=智能车主板 Member=Component R11 200K
Added Member To Class: ClassName=智能车主板 Member=Component R12 10K
Added Member To Class: ClassName=智能车主板 Member=Component R13 4.7K
Added Member To Class: ClassName=智能车主板 Member=Component R14 100R
Added Member To Class: ClassName=智能车主板 Member=Component R17 10R
Added Member To Class: ClassName=智能车主板 Member=Component R20 100R
Added Member To Class: ClassName=智能车主板 Member=Component R21 100R
Added Member To Class: ClassName=智能车主板 Member=Component R22 100R
Added Member To Class: ClassName=智能车主板 Member=Component R23 100R
Added Member To Class: ClassName=智能车主板 Member=Component R24 100R
Added Member To Class: ClassName=智能车主板 Member=Component R25 100R
Added Member To Class: ClassName=智能车主板 Member=Component R26 100R
Added Member To Class: ClassName=智能车主板 Member=Component R27 100R
Added Member To Class: ClassName=智能车主板 Member=Component R28 100R
Added Member To Class: ClassName=智能车主板 Member=Component R29 100R
Added Member To Class: ClassName=智能车主板 Member=Component R30 100R
Added Member To Class: ClassName=智能车主板 Member=Component R31 100R
Added Member To Class: ClassName=智能车主板 Member=Component R32 4.7K
Added Member To Class: ClassName=智能车主板 Member=Component R33 100R
Added Member To Class: ClassName=智能车主板 Member=Component R34 4.7K
Added Member To Class: ClassName=智能车主板 Member=Component R35 10K
Added Member To Class: ClassName=智能车主板 Member=Component R37 10K
Added Member To Class: ClassName=智能车主板 Member=Component R38 4.7K
Added Member To Class: ClassName=智能车主板 Member=Component R39 10K
Added Member To Class: ClassName=智能车主板 Member=Component S1 CSW-2P
Added Member To Class: ClassName=智能车主板 Member=Component S2 6x6x5
Added Member To Class: ClassName=智能车主板 Member=Component S3 6x6x5
Added Member To Class: ClassName=智能车主板 Member=Component S4 6x6x5
Added Member To Class: ClassName=智能车主板 Member=Component S5 6x6x5
Added Member To Class: ClassName=智能车主板 Member=Component S6
Added Member To Class: ClassName=智能车主板 Member=Component T1 T型插头
Added Member To Class: ClassName=智能车主板 Member=Component U1 RT1064 核心板
Added Member To Class: ClassName=智能车主板 Member=Component U3 SCT2450
Added Member To Class: ClassName=智能车主板 Member=Component U4 RT9013-33
Added Member To Class: ClassName=智能车主板 Member=Component U7 RY2121
