Added Component: Designator=P101(1p)
Add component (AddParameter): Name = "BOM_JLCPCB Part Class"; Value = "Extended Part"; VariantName = "[No Variations]"
Add component (AddParameter): Name = "BOM_Manufacturer"; Value = "ReliaPro"; VariantName = "[No Variations]"
Add component (AddParameter): Name = "BOM_Manufacturer Part"; Value = "Header-Male-2.54_1x1"; VariantName = "[No Variations]"
Add component (AddParameter): Name = "BOM_Supplier"; Value = "LCSC"; VariantName = "[No Variations]"
Add component (AddParameter): Name = "BOM_Supplier Part"; Value = "C81276"; VariantName = "[No Variations]"
Add component (AddParameter): Name = "spicePre"; Value = "P"; VariantName = "[No Variations]"
Add component (AddParameter): Name = "spiceSymbolName"; Value = "Header-Male-2.54_1x1"; VariantName = "[No Variations]"
Added Component: Designator=P102(1p)
Add component (AddParameter): Name = "BOM_JLCPCB Part Class"; Value = "Extended Part"; VariantName = "[No Variations]"
Add component (AddParameter): Name = "BOM_Manufacturer"; Value = "ReliaPro"; VariantName = "[No Variations]"
Add component (AddParameter): Name = "BOM_Manufacturer Part"; Value = "Header-Male-2.54_1x1"; VariantName = "[No Variations]"
Add component (AddParameter): Name = "BOM_Supplier"; Value = "LCSC"; VariantName = "[No Variations]"
Add component (AddParameter): Name = "BOM_Supplier Part"; Value = "C81276"; VariantName = "[No Variations]"
Add component (AddParameter): Name = "spicePre"; Value = "P"; VariantName = "[No Variations]"
Add component (AddParameter): Name = "spiceSymbolName"; Value = "Header-Male-2.54_1x1"; VariantName = "[No Variations]"
Added Component: Designator=P103(HDR1X3)
Added Component: Designator=U1(MIMXRT1064xVL_CoreBoard)
Added Pin To Net: NetName=B9 Pin=P101-1
Added Pin To Net: NetName=B10 Pin=P102-1
Added Pin To Net: NetName=VCC_Servo Pin=P103-2
Added Pin To Net: NetName=GND Pin=P103-3
Added Pin To Net: NetName=GND Pin=U1-1
Added Pin To Net: NetName=GND Pin=U1-2
Added Pin To Net: NetName=VCC_5V Pin=U1-5
Added Pin To Net: NetName=VCC_5V Pin=U1-6
Added Pin To Net: NetName=CR Pin=U1-9
Added Pin To Net: NetName=D4 Pin=U1-10
Added Pin To Net: NetName=D3 Pin=U1-11
Added Pin To Net: NetName=D2 Pin=U1-12
Added Pin To Net: NetName=D1 Pin=U1-13
Added Pin To Net: NetName=D0 Pin=U1-14
Added Pin To Net: NetName=D12 Pin=U1-15
Added Pin To Net: NetName=D13 Pin=U1-16
Added Pin To Net: NetName=D14 Pin=U1-17
Added Pin To Net: NetName=D15 Pin=U1-18
Added Pin To Net: NetName=D16 Pin=U1-19
Added Pin To Net: NetName=D17 Pin=U1-20
Added Pin To Net: NetName=B0 Pin=U1-23
Added Pin To Net: NetName=B1 Pin=U1-24
Added Pin To Net: NetName=B2 Pin=U1-25
Added Pin To Net: NetName=B3 Pin=U1-26
Added Pin To Net: NetName=B13 Pin=U1-27
Added Pin To Net: NetName=B12 Pin=U1-29
Added Pin To Net: NetName=B17 Pin=U1-31
Added Pin To Net: NetName=B16 Pin=U1-32
Added Pin To Net: NetName=B19 Pin=U1-33
Added Pin To Net: NetName=B18 Pin=U1-34
Added Pin To Net: NetName=B11 Pin=U1-47
Added Pin To Net: NetName=B10 Pin=U1-48
Added Pin To Net: NetName=B9 Pin=U1-49
Added Pin To Net: NetName=C31 Pin=U1-50
Added Pin To Net: NetName=C29 Pin=U1-51
Added Pin To Net: NetName=C27 Pin=U1-53
Added Pin To Net: NetName=C28 Pin=U1-54
Added Pin To Net: NetName=C25 Pin=U1-55
Added Pin To Net: NetName=C26 Pin=U1-56
Added Pin To Net: NetName=C23 Pin=U1-57
Added Pin To Net: NetName=C24 Pin=U1-58
Added Pin To Net: NetName=C21 Pin=U1-59
Added Pin To Net: NetName=C22 Pin=U1-60
Added Pin To Net: NetName=C19 Pin=U1-61
Added Pin To Net: NetName=C20 Pin=U1-62
Added Pin To Net: NetName=C17 Pin=U1-63
Added Pin To Net: NetName=C18 Pin=U1-64
Added Pin To Net: NetName=C16 Pin=U1-66
Added Pin To Net: NetName=C9 Pin=U1-71
Added Pin To Net: NetName=C8 Pin=U1-74
Added Pin To Net: NetName=C3 Pin=U1-77
Added Pin To Net: NetName=C4 Pin=U1-78
Added Pin To Net: NetName=C1 Pin=U1-79
Added Pin To Net: NetName=C2 Pin=U1-80
Added Pin To Net: NetName=D27 Pin=U1-81
Added Pin To Net: NetName=C0 Pin=U1-82
Added Pin To Net: NetName=GND Pin=U1-83
Added Pin To Net: NetName=D26 Pin=U1-84
Added Pin To Net: NetName=C30 Pin=U1-52
Added Net: Name=C30
Added Pin To Net: NetName=NetP103_1 Pin=P103-1
Added Net: Name=NetP103_1
Added Member To Class: ClassName=智能车主板 Member=Component P101 Header-Male-2.54_1x1
Added Member To Class: ClassName=智能车主板 Member=Component P102 Header-Male-2.54_1x1
Added Member To Class: ClassName=智能车主板 Member=Component P103 header 3
Added Member To Class: ClassName=智能车主板 Member=Component U1 RT1064 核心板
