Added Component: Designator=Q16(DSOP-8_L5.0-W5.0-P1.27-EP-TL)
Add component (AddParameter): Name = "BOM_JLCPCB Part Class"; Value = "Extended Part"; VariantName = "[No Variations]"
Add component (AddParameter): Name = "BOM_Manufacturer"; Value = "TOSHIBA"; VariantName = "[No Variations]"
Add component (AddParameter): Name = "BOM_Manufacturer Part"; Value = "TPH1R403NL"; VariantName = "[No Variations]"
Add component (AddParameter): Name = "BOM_Supplier"; Value = "LCSC"; VariantName = "[No Variations]"
Add component (AddParameter): Name = "BOM_Supplier Part"; Value = "C83440"; VariantName = "[No Variations]"
Add component (AddParameter): Name = "spicePre"; Value = "Q"; VariantName = "[No Variations]"
Add component (AddParameter): Name = "spiceSymbolName"; Value = "TPH1R403NL"; VariantName = "[No Variations]"
Added Component: Designator=Q18(DSOP-8_L5.0-W5.0-P1.27-EP-TL)
Add component (AddParameter): Name = "BOM_JLCPCB Part Class"; Value = "Extended Part"; VariantName = "[No Variations]"
Add component (AddParameter): Name = "BOM_Manufacturer"; Value = "TOSHIBA"; VariantName = "[No Variations]"
Add component (AddParameter): Name = "BOM_Manufacturer Part"; Value = "TPH1R403NL"; VariantName = "[No Variations]"
Add component (AddParameter): Name = "BOM_Supplier"; Value = "LCSC"; VariantName = "[No Variations]"
Add component (AddParameter): Name = "BOM_Supplier Part"; Value = "C83440"; VariantName = "[No Variations]"
Add component (AddParameter): Name = "spicePre"; Value = "Q"; VariantName = "[No Variations]"
Add component (AddParameter): Name = "spiceSymbolName"; Value = "TPH1R403NL"; VariantName = "[No Variations]"
Added Pin To Net: NetName=GND Pin=Q16-1
Added Pin To Net: NetName=GND Pin=Q16-2
Added Pin To Net: NetName=GND Pin=Q16-3
Added Pin To Net: NetName=G71 Pin=Q16-4
Added Pin To Net: NetName=R A1 Pin=Q16-5
Added Pin To Net: NetName=R A1 Pin=Q16-6
Added Pin To Net: NetName=R A1 Pin=Q16-7
Added Pin To Net: NetName=R A1 Pin=Q16-8
Added Pin To Net: NetName=R A1 Pin=Q16-9
Added Pin To Net: NetName=R A1 Pin=Q16-9
Added Pin To Net: NetName=GND Pin=Q18-1
Added Pin To Net: NetName=GND Pin=Q18-2
Added Pin To Net: NetName=GND Pin=Q18-3
Added Pin To Net: NetName=G81 Pin=Q18-4
Added Pin To Net: NetName=R B1 Pin=Q18-5
Added Pin To Net: NetName=R B1 Pin=Q18-6
Added Pin To Net: NetName=R B1 Pin=Q18-7
Added Pin To Net: NetName=R B1 Pin=Q18-8
Added Pin To Net: NetName=R B1 Pin=Q18-9
Added Pin To Net: NetName=R B1 Pin=Q18-9
Added Member To Class: ClassName=智能车主板 Member=Component Q16 TPH1R403NL
Added Member To Class: ClassName=智能车主板 Member=Component Q18 TPH1R403NL
