Added Component: Designator=S2(主板轻触开关)
Add component (AddParameter): Name = "BOM名称"; Value = "2脚轻触开关"; VariantName = "[No Variations]"
Add component (AddParameter): Name = "学习资源"; Value = "www.ooocke.com"; VariantName = "[No Variations]"
Add component (AddParameter): Name = "版权归属"; Value = "源创客"; VariantName = "[No Variations]"
Added Component: Designator=S3(主板轻触开关)
Add component (AddParameter): Name = "BOM名称"; Value = "2脚轻触开关"; VariantName = "[No Variations]"
Add component (AddParameter): Name = "学习资源"; Value = "www.ooocke.com"; VariantName = "[No Variations]"
Add component (AddParameter): Name = "版权归属"; Value = "源创客"; VariantName = "[No Variations]"
Added Component: Designator=S4(主板轻触开关)
Add component (AddParameter): Name = "BOM名称"; Value = "2脚轻触开关"; VariantName = "[No Variations]"
Add component (AddParameter): Name = "学习资源"; Value = "www.ooocke.com"; VariantName = "[No Variations]"
Add component (AddParameter): Name = "版权归属"; Value = "源创客"; VariantName = "[No Variations]"
Added Component: Designator=S5(主板轻触开关)
Add component (AddParameter): Name = "BOM名称"; Value = "2脚轻触开关"; VariantName = "[No Variations]"
Add component (AddParameter): Name = "学习资源"; Value = "www.ooocke.com"; VariantName = "[No Variations]"
Add component (AddParameter): Name = "版权归属"; Value = "源创客"; VariantName = "[No Variations]"
Added Pin To Net: NetName=NetR21_1 Pin=S2-1
Added Pin To Net: NetName=GND Pin=S2-2
Added Pin To Net: NetName=NetR30_1 Pin=S3-1
Added Pin To Net: NetName=GND Pin=S3-2
Added Pin To Net: NetName=NetR31_1 Pin=S4-1
Added Pin To Net: NetName=GND Pin=S4-2
Added Pin To Net: NetName=NetR33_1 Pin=S5-1
Added Pin To Net: NetName=GND Pin=S5-2
Added Member To Class: ClassName=智能车主板 Member=Component S2 6x6x5
Added Member To Class: ClassName=智能车主板 Member=Component S3 6x6x5
Added Member To Class: ClassName=智能车主板 Member=Component S4 6x6x5
Added Member To Class: ClassName=智能车主板 Member=Component S5 6x6x5
Added Member To Class: ClassName=智能车主板 Member=Component U1 RT1064 核心板
